02:24:14 INFO  : Registering command handlers for SDK TCF services
02:24:21 INFO  : Launching XSCT server: xsct -n -interactive /media/makerspace/makerspace_hd/VivadoProjects/helloworld/helloworld.sdk/temp_xsdb_launch_script.tcl
02:24:28 INFO  : XSCT server has started successfully.
02:24:28 INFO  : Successfully done setting XSCT server connection channel  
02:24:38 INFO  : Successfully done setting SDK workspace  
02:24:38 INFO  : Processing command line option -hwspec /media/makerspace/makerspace_hd/VivadoProjects/helloworld/helloworld.sdk/usart_wrapper.hdf.
02:31:27 INFO  : Connected to target on host '127.0.0.1' and port '3121'.
02:31:27 INFO  : 'targets -set -filter {jtag_cable_name =~ "Digilent Arty 210319A2CB8AA" && level==0} -index 0' command is executed.
02:31:28 INFO  : FPGA configured successfully with bitstream "/media/makerspace/makerspace_hd/VivadoProjects/helloworld/helloworld.sdk/usart_wrapper_hw_platform_0/download.bit"
02:35:43 INFO  : 'targets -set -filter {jtag_cable_name =~ "Digilent Arty 210319A2CB8AA" && level==0} -index 0' command is executed.
02:35:43 INFO  : 'fpga -state' command is executed.
02:35:43 INFO  : Connected to target on host '127.0.0.1' and port '3121'.
02:35:43 INFO  : Jtag cable 'Digilent Arty 210319A2CB8AA' is selected.
02:35:43 INFO  : 'jtag frequency' command is executed.
02:35:43 INFO  : Context for processor 'microblaze_0' is selected.
02:35:43 INFO  : Processor reset is completed for 'microblaze_0'.
02:35:43 INFO  : Context for processor 'microblaze_0' is selected.
02:35:43 INFO  : The application '/media/makerspace/makerspace_hd/VivadoProjects/helloworld/helloworld.sdk/Hello_world/Debug/Hello_world.elf' is downloaded to processor 'microblaze_0'.
02:35:43 INFO  : ----------------XSDB Script----------------
connect -url tcp:127.0.0.1:3121
targets -set -nocase -filter {name =~ "microblaze*#0" && bscan=="USER2"  && jtag_cable_name =~ "Digilent Arty 210319A2CB8AA"} -index 0
rst -processor
targets -set -nocase -filter {name =~ "microblaze*#0" && bscan=="USER2"  && jtag_cable_name =~ "Digilent Arty 210319A2CB8AA"} -index 0
dow /media/makerspace/makerspace_hd/VivadoProjects/helloworld/helloworld.sdk/Hello_world/Debug/Hello_world.elf
----------------End of Script----------------

02:35:43 INFO  : Memory regions updated for context MicroBlaze #0
02:35:43 INFO  : Memory regions updated for context MicroBlaze Debug Module at USER2
02:35:43 INFO  : Context for processor 'microblaze_0' is selected.
02:35:43 INFO  : 'con' command is executed.
02:35:43 INFO  : ----------------XSDB Script (After Launch)----------------
targets -set -nocase -filter {name =~ "microblaze*#0" && bscan=="USER2"  && jtag_cable_name =~ "Digilent Arty 210319A2CB8AA"} -index 0
con
----------------End of Script----------------

02:35:43 INFO  : Launch script is exported to file '/media/makerspace/makerspace_hd/VivadoProjects/helloworld/helloworld.sdk/.sdk/launch_scripts/xilinx_c-c++_application_(system_debugger)/system_debugger_using_debug_hello_world.elf_on_local.tcl'
02:37:21 INFO  : Disconnected from the channel tcfchan#1.
02:37:25 ERROR : no targets found with "jtag_cable_name =~ "Digilent Arty 210319A2CB8AA" && level==0". available targets:
  1  xc7a35t
     2  MicroBlaze Debug Module at USER2
        3* MicroBlaze #0 (Running)
02:37:53 INFO  : 'targets -set -filter {jtag_cable_name =~ "Digilent Arty 210319A2CB8AA" && level==0} -index 0' command is executed.
02:37:53 INFO  : 'fpga -state' command is executed.
02:37:53 INFO  : Connected to target on host '127.0.0.1' and port '3121'.
02:37:53 INFO  : Jtag cable 'Digilent Arty 210319A2CB8AA' is selected.
02:37:53 INFO  : 'jtag frequency' command is executed.
02:37:53 INFO  : Context for processor 'microblaze_0' is selected.
02:37:53 INFO  : Processor reset is completed for 'microblaze_0'.
02:37:53 INFO  : Context for processor 'microblaze_0' is selected.
02:37:53 INFO  : The application '/media/makerspace/makerspace_hd/VivadoProjects/helloworld/helloworld.sdk/Hello_world/Debug/Hello_world.elf' is downloaded to processor 'microblaze_0'.
02:37:53 INFO  : ----------------XSDB Script----------------
connect -url tcp:127.0.0.1:3121
targets -set -nocase -filter {name =~ "microblaze*#0" && bscan=="USER2"  && jtag_cable_name =~ "Digilent Arty 210319A2CB8AA"} -index 0
rst -processor
targets -set -nocase -filter {name =~ "microblaze*#0" && bscan=="USER2"  && jtag_cable_name =~ "Digilent Arty 210319A2CB8AA"} -index 0
dow /media/makerspace/makerspace_hd/VivadoProjects/helloworld/helloworld.sdk/Hello_world/Debug/Hello_world.elf
----------------End of Script----------------

02:37:53 INFO  : Memory regions updated for context MicroBlaze #0
02:37:53 INFO  : Memory regions updated for context MicroBlaze Debug Module at USER2
02:37:53 INFO  : Context for processor 'microblaze_0' is selected.
02:37:53 INFO  : 'con' command is executed.
02:37:53 INFO  : ----------------XSDB Script (After Launch)----------------
targets -set -nocase -filter {name =~ "microblaze*#0" && bscan=="USER2"  && jtag_cable_name =~ "Digilent Arty 210319A2CB8AA"} -index 0
con
----------------End of Script----------------

02:37:53 INFO  : Launch script is exported to file '/media/makerspace/makerspace_hd/VivadoProjects/helloworld/helloworld.sdk/.sdk/launch_scripts/xilinx_c-c++_application_(system_debugger)/system_debugger_using_debug_hello_world.elf_on_local.tcl'
02:38:11 INFO  : Disconnected from the channel tcfchan#2.
02:38:15 ERROR : no targets found with "jtag_cable_name =~ "Digilent Arty 210319A2CB8AA" && level==0". available targets:
  1  xc7a35t
     2  MicroBlaze Debug Module at USER2
        3* MicroBlaze #0 (Running)
02:38:50 INFO  : 'targets -set -filter {jtag_cable_name =~ "Digilent Arty 210319A2CB8AA" && level==0} -index 0' command is executed.
02:38:50 INFO  : 'fpga -state' command is executed.
02:38:50 INFO  : Connected to target on host '127.0.0.1' and port '3121'.
02:38:50 INFO  : Jtag cable 'Digilent Arty 210319A2CB8AA' is selected.
02:38:50 INFO  : 'jtag frequency' command is executed.
02:38:50 INFO  : Context for processor 'microblaze_0' is selected.
02:38:50 INFO  : Processor reset is completed for 'microblaze_0'.
02:38:50 INFO  : Context for processor 'microblaze_0' is selected.
02:38:50 INFO  : The application '/media/makerspace/makerspace_hd/VivadoProjects/helloworld/helloworld.sdk/Hello_world/Debug/Hello_world.elf' is downloaded to processor 'microblaze_0'.
02:38:50 INFO  : ----------------XSDB Script----------------
connect -url tcp:127.0.0.1:3121
targets -set -nocase -filter {name =~ "microblaze*#0" && bscan=="USER2"  && jtag_cable_name =~ "Digilent Arty 210319A2CB8AA"} -index 0
rst -processor
targets -set -nocase -filter {name =~ "microblaze*#0" && bscan=="USER2"  && jtag_cable_name =~ "Digilent Arty 210319A2CB8AA"} -index 0
dow /media/makerspace/makerspace_hd/VivadoProjects/helloworld/helloworld.sdk/Hello_world/Debug/Hello_world.elf
----------------End of Script----------------

02:38:50 INFO  : Memory regions updated for context MicroBlaze #0
02:38:50 INFO  : Memory regions updated for context MicroBlaze Debug Module at USER2
02:38:50 INFO  : Context for processor 'microblaze_0' is selected.
02:38:50 INFO  : 'con' command is executed.
02:38:50 INFO  : ----------------XSDB Script (After Launch)----------------
targets -set -nocase -filter {name =~ "microblaze*#0" && bscan=="USER2"  && jtag_cable_name =~ "Digilent Arty 210319A2CB8AA"} -index 0
con
----------------End of Script----------------

02:38:50 INFO  : Launch script is exported to file '/media/makerspace/makerspace_hd/VivadoProjects/helloworld/helloworld.sdk/.sdk/launch_scripts/xilinx_c-c++_application_(system_debugger)/system_debugger_using_debug_hello_world.elf_on_local.tcl'
02:38:59 INFO  : Disconnected from the channel tcfchan#3.
02:39:01 INFO  : 'targets -set -filter {jtag_cable_name =~ "Digilent Arty 210319A2CB8AA" && level==0} -index 0' command is executed.
02:39:01 INFO  : 'fpga -state' command is executed.
02:39:01 INFO  : Connected to target on host '127.0.0.1' and port '3121'.
02:39:01 INFO  : Jtag cable 'Digilent Arty 210319A2CB8AA' is selected.
02:39:01 INFO  : 'jtag frequency' command is executed.
02:39:01 INFO  : Context for processor 'microblaze_0' is selected.
02:39:01 INFO  : Processor reset is completed for 'microblaze_0'.
02:39:01 INFO  : Context for processor 'microblaze_0' is selected.
02:39:01 INFO  : The application '/media/makerspace/makerspace_hd/VivadoProjects/helloworld/helloworld.sdk/Hello_world/Debug/Hello_world.elf' is downloaded to processor 'microblaze_0'.
02:39:01 INFO  : ----------------XSDB Script----------------
connect -url tcp:127.0.0.1:3121
targets -set -nocase -filter {name =~ "microblaze*#0" && bscan=="USER2"  && jtag_cable_name =~ "Digilent Arty 210319A2CB8AA"} -index 0
rst -processor
targets -set -nocase -filter {name =~ "microblaze*#0" && bscan=="USER2"  && jtag_cable_name =~ "Digilent Arty 210319A2CB8AA"} -index 0
dow /media/makerspace/makerspace_hd/VivadoProjects/helloworld/helloworld.sdk/Hello_world/Debug/Hello_world.elf
----------------End of Script----------------

02:39:01 INFO  : Memory regions updated for context MicroBlaze #0
02:39:01 INFO  : Memory regions updated for context MicroBlaze Debug Module at USER2
02:39:01 INFO  : Context for processor 'microblaze_0' is selected.
02:39:01 INFO  : 'con' command is executed.
02:39:01 INFO  : ----------------XSDB Script (After Launch)----------------
targets -set -nocase -filter {name =~ "microblaze*#0" && bscan=="USER2"  && jtag_cable_name =~ "Digilent Arty 210319A2CB8AA"} -index 0
con
----------------End of Script----------------

02:39:01 INFO  : Launch script is exported to file '/media/makerspace/makerspace_hd/VivadoProjects/helloworld/helloworld.sdk/.sdk/launch_scripts/xilinx_c-c++_application_(system_debugger)/system_debugger_using_debug_hello_world.elf_on_local.tcl'
02:39:29 INFO  : Disconnected from the channel tcfchan#4.
02:39:30 INFO  : 'targets -set -filter {jtag_cable_name =~ "Digilent Arty 210319A2CB8AA" && level==0} -index 0' command is executed.
02:39:30 INFO  : 'fpga -state' command is executed.
02:39:30 INFO  : Connected to target on host '127.0.0.1' and port '3121'.
02:39:30 INFO  : Jtag cable 'Digilent Arty 210319A2CB8AA' is selected.
02:39:30 INFO  : 'jtag frequency' command is executed.
02:39:30 INFO  : Context for processor 'microblaze_0' is selected.
02:39:30 INFO  : Processor reset is completed for 'microblaze_0'.
02:39:31 INFO  : Context for processor 'microblaze_0' is selected.
02:39:31 INFO  : The application '/media/makerspace/makerspace_hd/VivadoProjects/helloworld/helloworld.sdk/Hello_world/Debug/Hello_world.elf' is downloaded to processor 'microblaze_0'.
02:39:31 INFO  : ----------------XSDB Script----------------
connect -url tcp:127.0.0.1:3121
targets -set -nocase -filter {name =~ "microblaze*#0" && bscan=="USER2"  && jtag_cable_name =~ "Digilent Arty 210319A2CB8AA"} -index 0
rst -processor
targets -set -nocase -filter {name =~ "microblaze*#0" && bscan=="USER2"  && jtag_cable_name =~ "Digilent Arty 210319A2CB8AA"} -index 0
dow /media/makerspace/makerspace_hd/VivadoProjects/helloworld/helloworld.sdk/Hello_world/Debug/Hello_world.elf
----------------End of Script----------------

02:39:31 INFO  : Memory regions updated for context MicroBlaze #0
02:39:31 INFO  : Memory regions updated for context MicroBlaze Debug Module at USER2
02:39:31 INFO  : Context for processor 'microblaze_0' is selected.
02:39:31 INFO  : 'con' command is executed.
02:39:31 INFO  : ----------------XSDB Script (After Launch)----------------
targets -set -nocase -filter {name =~ "microblaze*#0" && bscan=="USER2"  && jtag_cable_name =~ "Digilent Arty 210319A2CB8AA"} -index 0
con
----------------End of Script----------------

02:39:31 INFO  : Launch script is exported to file '/media/makerspace/makerspace_hd/VivadoProjects/helloworld/helloworld.sdk/.sdk/launch_scripts/xilinx_c-c++_application_(system_debugger)/system_debugger_using_debug_hello_world.elf_on_local.tcl'
02:41:02 INFO  : Disconnected from the channel tcfchan#5.
02:41:07 ERROR : no targets found with "jtag_cable_name =~ "Digilent Arty 210319A2CB8AA" && level==0". available targets:
  1  xc7a35t
02:41:13 INFO  : 'targets -set -filter {jtag_cable_name =~ "Digilent Arty 210319A2CB8AA" && level==0} -index 0' command is executed.
02:41:13 INFO  : 'fpga -state' command is executed.
02:41:14 INFO  : Connected to target on host '127.0.0.1' and port '3121'.
02:41:14 INFO  : Jtag cable 'Digilent Arty 210319A2CB8AA' is selected.
02:41:14 INFO  : 'jtag frequency' command is executed.
02:41:18 ERROR : no targets found with "name =~ "microblaze*#0" && bscan=="USER2"  && jtag_cable_name =~ "Digilent Arty 210319A2CB8AA"". available targets:
  1* xc7a35t
02:41:18 INFO  : ----------------XSDB Script----------------
connect -url tcp:127.0.0.1:3121
targets -set -nocase -filter {name =~ "microblaze*#0" && bscan=="USER2"  && jtag_cable_name =~ "Digilent Arty 210319A2CB8AA"} -index 0
----------------End of Script----------------

02:41:32 INFO  : 'targets -set -filter {jtag_cable_name =~ "Digilent Arty 210319A2CB8AA" && level==0} -index 0' command is executed.
02:41:32 INFO  : 'fpga -state' command is executed.
02:41:34 INFO  : Connected to target on host '127.0.0.1' and port '3121'.
02:41:34 INFO  : Jtag cable 'Digilent Arty 210319A2CB8AA' is selected.
02:41:34 INFO  : 'jtag frequency' command is executed.
02:41:37 ERROR : no targets found with "name =~ "microblaze*#0" && bscan=="USER2"  && jtag_cable_name =~ "Digilent Arty 210319A2CB8AA"". available targets:
  1* xc7a35t
02:41:37 INFO  : ----------------XSDB Script----------------
connect -url tcp:127.0.0.1:3121
targets -set -nocase -filter {name =~ "microblaze*#0" && bscan=="USER2"  && jtag_cable_name =~ "Digilent Arty 210319A2CB8AA"} -index 0
----------------End of Script----------------

02:42:07 INFO  : 'targets -set -filter {jtag_cable_name =~ "Digilent Arty 210319A2CB8AA" && level==0} -index 0' command is executed.
02:42:07 INFO  : 'fpga -state' command is executed.
02:42:37 INFO  : 'targets -set -filter {jtag_cable_name =~ "Digilent Arty 210319A2CB8AA" && level==0} -index 0' command is executed.
02:42:37 INFO  : 'fpga -state' command is executed.
02:42:37 INFO  : Connected to target on host '127.0.0.1' and port '3121'.
02:42:37 INFO  : Jtag cable 'Digilent Arty 210319A2CB8AA' is selected.
02:42:37 INFO  : 'jtag frequency' command is executed.
02:42:37 INFO  : Context for processor 'microblaze_0' is selected.
02:42:37 INFO  : Processor reset is completed for 'microblaze_0'.
02:42:37 INFO  : Context for processor 'microblaze_0' is selected.
02:42:37 INFO  : The application '/media/makerspace/makerspace_hd/VivadoProjects/helloworld/helloworld.sdk/Hello_world/Debug/Hello_world.elf' is downloaded to processor 'microblaze_0'.
02:42:37 INFO  : ----------------XSDB Script----------------
connect -url tcp:127.0.0.1:3121
targets -set -nocase -filter {name =~ "microblaze*#0" && bscan=="USER2"  && jtag_cable_name =~ "Digilent Arty 210319A2CB8AA"} -index 0
rst -processor
targets -set -nocase -filter {name =~ "microblaze*#0" && bscan=="USER2"  && jtag_cable_name =~ "Digilent Arty 210319A2CB8AA"} -index 0
dow /media/makerspace/makerspace_hd/VivadoProjects/helloworld/helloworld.sdk/Hello_world/Debug/Hello_world.elf
----------------End of Script----------------

02:42:37 INFO  : Memory regions updated for context MicroBlaze #0
02:42:37 INFO  : Memory regions updated for context MicroBlaze Debug Module at USER2
02:42:37 INFO  : Context for processor 'microblaze_0' is selected.
02:42:37 INFO  : 'con' command is executed.
02:42:37 INFO  : ----------------XSDB Script (After Launch)----------------
targets -set -nocase -filter {name =~ "microblaze*#0" && bscan=="USER2"  && jtag_cable_name =~ "Digilent Arty 210319A2CB8AA"} -index 0
con
----------------End of Script----------------

02:42:37 INFO  : Launch script is exported to file '/media/makerspace/makerspace_hd/VivadoProjects/helloworld/helloworld.sdk/.sdk/launch_scripts/xilinx_c-c++_application_(system_debugger)/system_debugger_using_debug_hello_world.elf_on_local.tcl'
02:42:44 INFO  : Disconnected from the channel tcfchan#6.
02:42:45 INFO  : 'targets -set -filter {jtag_cable_name =~ "Digilent Arty 210319A2CB8AA" && level==0} -index 0' command is executed.
02:42:45 INFO  : 'fpga -state' command is executed.
02:42:45 INFO  : Connected to target on host '127.0.0.1' and port '3121'.
02:42:45 INFO  : Jtag cable 'Digilent Arty 210319A2CB8AA' is selected.
02:42:45 INFO  : 'jtag frequency' command is executed.
02:42:45 INFO  : Context for processor 'microblaze_0' is selected.
02:42:45 INFO  : Processor reset is completed for 'microblaze_0'.
02:42:45 INFO  : Context for processor 'microblaze_0' is selected.
02:42:45 INFO  : The application '/media/makerspace/makerspace_hd/VivadoProjects/helloworld/helloworld.sdk/Hello_world/Debug/Hello_world.elf' is downloaded to processor 'microblaze_0'.
02:42:45 INFO  : ----------------XSDB Script----------------
connect -url tcp:127.0.0.1:3121
targets -set -nocase -filter {name =~ "microblaze*#0" && bscan=="USER2"  && jtag_cable_name =~ "Digilent Arty 210319A2CB8AA"} -index 0
rst -processor
targets -set -nocase -filter {name =~ "microblaze*#0" && bscan=="USER2"  && jtag_cable_name =~ "Digilent Arty 210319A2CB8AA"} -index 0
dow /media/makerspace/makerspace_hd/VivadoProjects/helloworld/helloworld.sdk/Hello_world/Debug/Hello_world.elf
----------------End of Script----------------

02:42:45 INFO  : Memory regions updated for context MicroBlaze #0
02:42:45 INFO  : Memory regions updated for context MicroBlaze Debug Module at USER2
02:42:45 INFO  : Context for processor 'microblaze_0' is selected.
02:42:45 INFO  : 'con' command is executed.
02:42:45 INFO  : ----------------XSDB Script (After Launch)----------------
targets -set -nocase -filter {name =~ "microblaze*#0" && bscan=="USER2"  && jtag_cable_name =~ "Digilent Arty 210319A2CB8AA"} -index 0
con
----------------End of Script----------------

02:42:45 INFO  : Launch script is exported to file '/media/makerspace/makerspace_hd/VivadoProjects/helloworld/helloworld.sdk/.sdk/launch_scripts/xilinx_c-c++_application_(system_debugger)/system_debugger_using_debug_hello_world.elf_on_local.tcl'
02:43:41 INFO  : Disconnected from the channel tcfchan#7.
02:43:42 INFO  : 'targets -set -filter {jtag_cable_name =~ "Digilent Arty 210319A2CB8AA" && level==0} -index 0' command is executed.
02:43:42 INFO  : 'fpga -state' command is executed.
02:43:42 INFO  : Connected to target on host '127.0.0.1' and port '3121'.
02:43:42 INFO  : Jtag cable 'Digilent Arty 210319A2CB8AA' is selected.
02:43:42 INFO  : 'jtag frequency' command is executed.
02:43:42 INFO  : Context for processor 'microblaze_0' is selected.
02:43:42 INFO  : Processor reset is completed for 'microblaze_0'.
02:43:42 INFO  : Context for processor 'microblaze_0' is selected.
02:43:42 INFO  : The application '/media/makerspace/makerspace_hd/VivadoProjects/helloworld/helloworld.sdk/Hello_world/Debug/Hello_world.elf' is downloaded to processor 'microblaze_0'.
02:43:42 INFO  : ----------------XSDB Script----------------
connect -url tcp:127.0.0.1:3121
targets -set -nocase -filter {name =~ "microblaze*#0" && bscan=="USER2"  && jtag_cable_name =~ "Digilent Arty 210319A2CB8AA"} -index 0
rst -processor
targets -set -nocase -filter {name =~ "microblaze*#0" && bscan=="USER2"  && jtag_cable_name =~ "Digilent Arty 210319A2CB8AA"} -index 0
dow /media/makerspace/makerspace_hd/VivadoProjects/helloworld/helloworld.sdk/Hello_world/Debug/Hello_world.elf
----------------End of Script----------------

02:43:42 INFO  : Memory regions updated for context MicroBlaze #0
02:43:42 INFO  : Memory regions updated for context MicroBlaze Debug Module at USER2
02:43:42 INFO  : Context for processor 'microblaze_0' is selected.
02:43:42 INFO  : 'con' command is executed.
02:43:42 INFO  : ----------------XSDB Script (After Launch)----------------
targets -set -nocase -filter {name =~ "microblaze*#0" && bscan=="USER2"  && jtag_cable_name =~ "Digilent Arty 210319A2CB8AA"} -index 0
con
----------------End of Script----------------

02:43:42 INFO  : Launch script is exported to file '/media/makerspace/makerspace_hd/VivadoProjects/helloworld/helloworld.sdk/.sdk/launch_scripts/xilinx_c-c++_application_(system_debugger)/system_debugger_using_debug_hello_world.elf_on_local.tcl'
02:43:51 INFO  : Disconnected from the channel tcfchan#8.
02:43:52 INFO  : 'targets -set -filter {jtag_cable_name =~ "Digilent Arty 210319A2CB8AA" && level==0} -index 0' command is executed.
02:43:52 INFO  : 'fpga -state' command is executed.
02:43:52 INFO  : Connected to target on host '127.0.0.1' and port '3121'.
02:43:52 INFO  : Jtag cable 'Digilent Arty 210319A2CB8AA' is selected.
02:43:52 INFO  : 'jtag frequency' command is executed.
02:43:52 INFO  : Context for processor 'microblaze_0' is selected.
02:43:52 INFO  : Processor reset is completed for 'microblaze_0'.
02:43:52 INFO  : Context for processor 'microblaze_0' is selected.
02:43:52 INFO  : The application '/media/makerspace/makerspace_hd/VivadoProjects/helloworld/helloworld.sdk/Hello_world/Debug/Hello_world.elf' is downloaded to processor 'microblaze_0'.
02:43:52 INFO  : ----------------XSDB Script----------------
connect -url tcp:127.0.0.1:3121
targets -set -nocase -filter {name =~ "microblaze*#0" && bscan=="USER2"  && jtag_cable_name =~ "Digilent Arty 210319A2CB8AA"} -index 0
rst -processor
targets -set -nocase -filter {name =~ "microblaze*#0" && bscan=="USER2"  && jtag_cable_name =~ "Digilent Arty 210319A2CB8AA"} -index 0
dow /media/makerspace/makerspace_hd/VivadoProjects/helloworld/helloworld.sdk/Hello_world/Debug/Hello_world.elf
----------------End of Script----------------

02:43:52 INFO  : Memory regions updated for context MicroBlaze #0
02:43:52 INFO  : Memory regions updated for context MicroBlaze Debug Module at USER2
02:43:52 INFO  : Context for processor 'microblaze_0' is selected.
02:43:52 INFO  : 'con' command is executed.
02:43:52 INFO  : ----------------XSDB Script (After Launch)----------------
targets -set -nocase -filter {name =~ "microblaze*#0" && bscan=="USER2"  && jtag_cable_name =~ "Digilent Arty 210319A2CB8AA"} -index 0
con
----------------End of Script----------------

02:43:52 INFO  : Launch script is exported to file '/media/makerspace/makerspace_hd/VivadoProjects/helloworld/helloworld.sdk/.sdk/launch_scripts/xilinx_c-c++_application_(system_debugger)/system_debugger_using_debug_hello_world.elf_on_local.tcl'
02:44:35 INFO  : Connected to target on host '127.0.0.1' and port '3121'.
02:44:35 INFO  : 'targets -set -filter {jtag_cable_name =~ "Digilent Arty 210319A2CB8AA" && level==0} -index 0' command is executed.
02:44:36 INFO  : FPGA configured successfully with bitstream "/media/makerspace/makerspace_hd/VivadoProjects/helloworld/helloworld.sdk/usart_wrapper_hw_platform_0/download.bit"
02:45:01 INFO  : Disconnected from the channel tcfchan#9.
02:45:02 INFO  : 'targets -set -filter {jtag_cable_name =~ "Digilent Arty 210319A2CB8AA" && level==0} -index 0' command is executed.
02:45:02 INFO  : 'fpga -state' command is executed.
02:45:02 INFO  : Connected to target on host '127.0.0.1' and port '3121'.
02:45:02 INFO  : Jtag cable 'Digilent Arty 210319A2CB8AA' is selected.
02:45:02 INFO  : 'jtag frequency' command is executed.
02:45:02 INFO  : Context for processor 'microblaze_0' is selected.
02:45:02 INFO  : Processor reset is completed for 'microblaze_0'.
02:45:02 INFO  : Context for processor 'microblaze_0' is selected.
02:45:03 INFO  : The application '/media/makerspace/makerspace_hd/VivadoProjects/helloworld/helloworld.sdk/Hello_world/Debug/Hello_world.elf' is downloaded to processor 'microblaze_0'.
02:45:03 INFO  : ----------------XSDB Script----------------
connect -url tcp:127.0.0.1:3121
targets -set -nocase -filter {name =~ "microblaze*#0" && bscan=="USER2"  && jtag_cable_name =~ "Digilent Arty 210319A2CB8AA"} -index 0
rst -processor
targets -set -nocase -filter {name =~ "microblaze*#0" && bscan=="USER2"  && jtag_cable_name =~ "Digilent Arty 210319A2CB8AA"} -index 0
dow /media/makerspace/makerspace_hd/VivadoProjects/helloworld/helloworld.sdk/Hello_world/Debug/Hello_world.elf
----------------End of Script----------------

02:45:03 INFO  : Memory regions updated for context MicroBlaze #0
02:45:03 INFO  : Memory regions updated for context MicroBlaze Debug Module at USER2
02:45:03 INFO  : Context for processor 'microblaze_0' is selected.
02:45:03 INFO  : 'con' command is executed.
02:45:03 INFO  : ----------------XSDB Script (After Launch)----------------
targets -set -nocase -filter {name =~ "microblaze*#0" && bscan=="USER2"  && jtag_cable_name =~ "Digilent Arty 210319A2CB8AA"} -index 0
con
----------------End of Script----------------

02:45:03 INFO  : Launch script is exported to file '/media/makerspace/makerspace_hd/VivadoProjects/helloworld/helloworld.sdk/.sdk/launch_scripts/xilinx_c-c++_application_(system_debugger)/system_debugger_using_debug_hello_world.elf_on_local.tcl'
02:47:09 INFO  : Disconnected from the channel tcfchan#10.
02:47:10 INFO  : 'targets -set -filter {jtag_cable_name =~ "Digilent Arty 210319A2CB8AA" && level==0} -index 0' command is executed.
02:47:10 INFO  : 'fpga -state' command is executed.
02:47:10 INFO  : Connected to target on host '127.0.0.1' and port '3121'.
02:47:10 INFO  : Jtag cable 'Digilent Arty 210319A2CB8AA' is selected.
02:47:10 INFO  : 'jtag frequency' command is executed.
02:47:10 INFO  : Context for processor 'microblaze_0' is selected.
02:47:11 INFO  : Processor reset is completed for 'microblaze_0'.
02:47:11 INFO  : Context for processor 'microblaze_0' is selected.
02:47:12 INFO  : The application '/media/makerspace/makerspace_hd/VivadoProjects/helloworld/helloworld.sdk/Hello_world/Debug/Hello_world.elf' is downloaded to processor 'microblaze_0'.
02:47:12 INFO  : ----------------XSDB Script----------------
connect -url tcp:127.0.0.1:3121
targets -set -nocase -filter {name =~ "microblaze*#0" && bscan=="USER2"  && jtag_cable_name =~ "Digilent Arty 210319A2CB8AA"} -index 0
rst -processor
targets -set -nocase -filter {name =~ "microblaze*#0" && bscan=="USER2"  && jtag_cable_name =~ "Digilent Arty 210319A2CB8AA"} -index 0
dow /media/makerspace/makerspace_hd/VivadoProjects/helloworld/helloworld.sdk/Hello_world/Debug/Hello_world.elf
----------------End of Script----------------

02:47:12 INFO  : Memory regions updated for context MicroBlaze #0
02:47:12 INFO  : Memory regions updated for context MicroBlaze Debug Module at USER2
02:47:12 INFO  : Context for processor 'microblaze_0' is selected.
02:47:12 INFO  : 'con' command is executed.
02:47:12 INFO  : ----------------XSDB Script (After Launch)----------------
targets -set -nocase -filter {name =~ "microblaze*#0" && bscan=="USER2"  && jtag_cable_name =~ "Digilent Arty 210319A2CB8AA"} -index 0
con
----------------End of Script----------------

02:47:12 INFO  : Launch script is exported to file '/media/makerspace/makerspace_hd/VivadoProjects/helloworld/helloworld.sdk/.sdk/launch_scripts/xilinx_c-c++_application_(system_debugger)/system_debugger_using_debug_hello_world.elf_on_local.tcl'
02:50:25 INFO  : Disconnected from the channel tcfchan#11.
