#-----------------------------------------------------------
# Webtalk v2017.1 (64-bit)
# SW Build 1846317 on Fri Apr 14 18:54:47 MDT 2017
# 
# Start of session at: Tue May 23 02:50:25 2017
# Process ID: 13840
# Current directory: /media/makerspace/makerspace_hd/VivadoProjects/helloworld/helloworld.sdk/webtalk
# Command line: wbtcv -mode batch -source sdk_webtalk.tcl
# Log file: /media/makerspace/makerspace_hd/VivadoProjects/helloworld/helloworld.sdk/webtalk/webtalk.log
# Journal file: /media/makerspace/makerspace_hd/VivadoProjects/helloworld/helloworld.sdk/webtalk/webtalk.jou
#-----------------------------------------------------------
source sdk_webtalk.tcl
# webtalk_init -webtalk_dir /media/makerspace/makerspace_hd/VivadoProjects/helloworld/helloworld.sdk/webtalk
# webtalk_register_client -client project
# webtalk_add_data -client project -key date_generated -value "2017-05-23 02:50:25" -context "software_version_and_target_device"
# webtalk_add_data -client project -key product_version -value "SDK v2017.1" -context "software_version_and_target_device"
# webtalk_add_data -client project -key build_version -value "2017.1" -context "software_version_and_target_device"
# webtalk_add_data -client project -key os_platform -value "amd64" -context "software_version_and_target_device"
# webtalk_add_data -client project -key registration_id -value "211351274_1777525386_0_207" -context "software_version_and_target_device"
# webtalk_add_data -client project -key tool_flow -value "SDK" -context "software_version_and_target_device"
# webtalk_add_data -client project -key beta -value "false" -context "software_version_and_target_device"
# webtalk_add_data -client project -key route_design -value "NA" -context "software_version_and_target_device"
# webtalk_add_data -client project -key target_family -value "NA" -context "software_version_and_target_device"
# webtalk_add_data -client project -key target_device -value "NA" -context "software_version_and_target_device"
# webtalk_add_data -client project -key target_package -value "NA" -context "software_version_and_target_device"
# webtalk_add_data -client project -key target_speed -value "NA" -context "software_version_and_target_device"
# webtalk_add_data -client project -key random_id -value "q7onfuc5eag0bhg1tl7mts3tch" -context "software_version_and_target_device"
# webtalk_add_data -client project -key project_id -value "2017.1_1" -context "software_version_and_target_device"
# webtalk_add_data -client project -key project_iteration -value "1" -context "software_version_and_target_device"
# webtalk_add_data -client project -key os_name -value "Ubuntu" -context "user_environment"
# webtalk_add_data -client project -key os_release -value "Ubuntu 16.04.2 LTS" -context "user_environment"
# webtalk_add_data -client project -key cpu_name -value "Intel(R) Core(TM) i5-5250U CPU @ 1.60GHz" -context "user_environment"
# webtalk_add_data -client project -key cpu_speed -value "2499.937 MHz" -context "user_environment"
# webtalk_add_data -client project -key total_processors -value "1" -context "user_environment"
# webtalk_add_data -client project -key system_ram -value "8.000 GB" -context "user_environment"
# webtalk_register_client -client sdk
# webtalk_add_data -client sdk -key uid -value "1495486479000" -context "sdk\\\\hardware/1495486479000"
# webtalk_add_data -client sdk -key isZynq -value "false" -context "sdk\\\\hardware/1495486479000"
# webtalk_add_data -client sdk -key isZynqMP -value "false" -context "sdk\\\\hardware/1495486479000"
# webtalk_add_data -client sdk -key Processors -value "1" -context "sdk\\\\hardware/1495486479000"
# webtalk_add_data -client sdk -key VivadoVersion -value "2017.1" -context "sdk\\\\hardware/1495486479000"
# webtalk_add_data -client sdk -key Arch -value "artix7" -context "sdk\\\\hardware/1495486479000"
# webtalk_add_data -client sdk -key Device -value "7a35ti" -context "sdk\\\\hardware/1495486479000"
# webtalk_add_data -client sdk -key IsHandoff -value "true" -context "sdk\\\\hardware/1495486479000"
# webtalk_add_data -client sdk -key os -value "NA" -context "sdk\\\\hardware/1495486479000"
# webtalk_add_data -client sdk -key apptemplate -value "NA" -context "sdk\\\\hardware/1495486479000"
# webtalk_add_data -client sdk -key RecordType -value "HWCreation" -context "sdk\\\\hardware/1495486479000"
# webtalk_add_data -client sdk -key uid -value "1495486668000" -context "sdk\\\\bsp/1495486668000"
# webtalk_add_data -client sdk -key hwid -value "1495486479000" -context "sdk\\\\bsp/1495486668000"
# webtalk_add_data -client sdk -key os -value "standalone" -context "sdk\\\\bsp/1495486668000"
# webtalk_add_data -client sdk -key apptemplate -value "hello_world" -context "sdk\\\\bsp/1495486668000"
# webtalk_add_data -client sdk -key RecordType -value "BSPCreation" -context "sdk\\\\bsp/1495486668000"
# webtalk_add_data -client sdk -key uid -value "1495486679000" -context "sdk\\\\application/1495486679000"
# webtalk_add_data -client sdk -key hwid -value "1495486479000" -context "sdk\\\\application/1495486679000"
# webtalk_add_data -client sdk -key bspid -value "1495486668000" -context "sdk\\\\application/1495486679000"
# webtalk_add_data -client sdk -key newbsp -value "true" -context "sdk\\\\application/1495486679000"
# webtalk_add_data -client sdk -key os -value "standalone" -context "sdk\\\\application/1495486679000"
# webtalk_add_data -client sdk -key apptemplate -value "hello_world" -context "sdk\\\\application/1495486679000"
# webtalk_add_data -client sdk -key RecordType -value "APPCreation" -context "sdk\\\\application/1495486679000"
# webtalk_add_data -client sdk -key LangUsed -value "C" -context "sdk\\\\application/1495486679000"
# webtalk_add_data -client sdk -key Procused -value "microblaze" -context "sdk\\\\application/1495486679000"
# webtalk_add_data -client sdk -key projSize -value "253.3046875" -context "sdk\\\\application/1495486679000"
# webtalk_add_data -client sdk -key uid -value "NA" -context "sdk\\\\bsp/1495488025248"
# webtalk_add_data -client sdk -key RecordType -value "ToolUsage" -context "sdk\\\\bsp/1495488025248"
# webtalk_add_data -client sdk -key BootgenCount -value "0" -context "sdk\\\\bsp/1495488025248"
# webtalk_add_data -client sdk -key DebugCount -value "17" -context "sdk\\\\bsp/1495488025248"
# webtalk_add_data -client sdk -key PerfCount -value "0" -context "sdk\\\\bsp/1495488025248"
# webtalk_add_data -client sdk -key FlashCount -value "0" -context "sdk\\\\bsp/1495488025248"
# webtalk_add_data -client sdk -key CrossTriggCount -value "0" -context "sdk\\\\bsp/1495488025248"
# webtalk_add_data -client sdk -key QemuDebugCount -value "0" -context "sdk\\\\bsp/1495488025248"
# webtalk_transmit -clientid 2761576988 -regid "211351274_1777525386_0_207" -xml /media/makerspace/makerspace_hd/VivadoProjects/helloworld/helloworld.sdk/webtalk/usage_statistics_ext_sdk.xml -html /media/makerspace/makerspace_hd/VivadoProjects/helloworld/helloworld.sdk/webtalk/usage_statistics_ext_sdk.html -wdm /media/makerspace/makerspace_hd/VivadoProjects/helloworld/helloworld.sdk/webtalk/sdk_webtalk.wdm -intro "<H3>SDK Usage Report</H3><BR>"
# webtalk_terminate
INFO: [Common 17-206] Exiting Webtalk at Tue May 23 02:50:26 2017...
