MIG: 01:54:35 : xml_input_file: board.prj
MIG: 01:54:35 : Absolute path of xml_input_file: /media/makerspace/makerspace_hd/VivadoProjects/helloworld/helloworld.srcs/sources_1/bd/usart/ip/usart_mig_7series_0_0/board.prj
MIG: 01:54:35 : xml_input_file: board.prj
MIG: 01:54:35 : Absolute path of xml_input_file: /media/makerspace/makerspace_hd/VivadoProjects/helloworld/helloworld.srcs/sources_1/bd/usart/ip/usart_mig_7series_0_0/board.prj
MIG: 01:54:35 : In updateAllModelParams
MIG: 01:54:35 : ################# RUNNING MIG BATCH ###################
MIG: 01:54:35 : Writing IN file for 'usart_mig_7series_0_0'...compDirPath: /media/makerspace/makerspace_hd/Xilinx/Vivado/2017.1/data/ip/xilinx/mig_7series_v4_0... instDirPath: /media/makerspace/makerspace_hd/VivadoProjects/helloworld/helloworld.srcs/sources_1/bd/usart/ip/usart_mig_7series_0_0
MIG: 01:54:35 : synp_flow:  -- synthesis_mode: Other
MIG: 01:54:35 : outputDirectory: /media/makerspace/makerspace_hd/VivadoProjects/helloworld/helloworld.srcs/sources_1/bd/usart/ip/usart_mig_7series_0_0/_tmp/
MIG: 01:54:35 : vivado_mode: xpg_bd
MIG: 01:54:35 : isPortInterface: 0
MIG: 01:54:35 : isPortInterface: 0
MIG: 01:54:35 : isPortInterface: 0
MIG: 01:54:35 : isPortInterface: 0
MIG: 01:54:35 : isPortInterface: 0
MIG: 01:54:35 : isPortInterface: 0
MIG: 01:54:35 : isPortInterface: 0
MIG: 01:54:35 : isPortInterface: 0
MIG: 01:54:35 : isPortInterface: 0
MIG: 01:54:35 : isPortInterface: 0
MIG: 01:54:35 : isPortInterface: 0
MIG: 01:54:35 : isPortInterface: 0
MIG: 01:54:35 : isPortInterface: 0
MIG: 01:54:35 : isPortInterface: 0
MIG: 01:54:35 : isPortInterface: 0
MIG: 01:54:35 : isPortInterface: 0
MIG: 01:54:35 : isPortInterface: 0
MIG: 01:54:35 : isPortInterface: 0
MIG: 01:54:35 : isPortInterface: 0
MIG: 01:54:35 : isPortInterface: 0
MIG: 01:54:35 : isPortInterface: 0
MIG: 01:54:35 : isPortInterface: 0
MIG: 01:54:35 : isPortInterface: 0
MIG: 01:54:35 : isPortInterface: 0
MIG: 01:54:35 : isPortInterface: 0
MIG: 01:54:35 : isPortInterface: 0
MIG: 01:54:35 : isPortInterface: 0
MIG: 01:54:35 : isPortInterface: 0
MIG: 01:54:35 : isPortInterface: 0
MIG: 01:54:35 : isPortInterface: 0
MIG: 01:54:35 : isPortInterface: 0
MIG: 01:54:35 : isPortInterface: 0
MIG: 01:54:35 : isPortInterface: 0
MIG: 01:54:35 : isPortInterface: 0
MIG: 01:54:35 : isPortInterface: 0
MIG: 01:54:35 : isPortInterface: 0
MIG: 01:54:35 : isPortInterface: 0
MIG: 01:54:35 : isPortInterface: 0
MIG: 01:54:35 : isPortInterface: 0
MIG: 01:54:35 : isPortInterface: 0
MIG: 01:54:35 : isPortInterface: 0
MIG: 01:54:35 : isPortInterface: 0
MIG: 01:54:35 : isPortInterface: 0
MIG: 01:54:35 : isPortInterface: 0
MIG: 01:54:35 : isPortInterface: 0
MIG: 01:54:35 : isPortInterface: 0
MIG: 01:54:35 : isPortInterface: 0
MIG: 01:54:35 : isPortInterface: 0
MIG: 01:54:35 : isPortInterface: 0
MIG: 01:54:35 : isPortInterface: 0
MIG: 01:54:35 : isPortInterface: 0
MIG: 01:54:35 : isPortInterface: 0
MIG: 01:54:35 : isPortInterface: 0
MIG: 01:54:35 : isPortInterface: 0
MIG: 01:54:35 : isPortInterface: 0
MIG: 01:54:35 : isPortInterface: 0
MIG: 01:54:35 : isPortInterface: 0
MIG: 01:54:35 : isPortInterface: 0
MIG: 01:54:35 : isPortInterface: 0
MIG: 01:54:35 : isPortInterface: 0
MIG: 01:54:35 : isPortInterface: 0
MIG: 01:54:35 : isPortInterface: 0
MIG: 01:54:35 : isPortInterface: 0
MIG: 01:54:35 : isPortInterface: 0
MIG: 01:54:35 : isPortInterface: 0
MIG: 01:54:35 : isPortInterface: 0
MIG: 01:54:35 : isPortInterface: 0
MIG: 01:54:35 : isPortInterface: 0
MIG: 01:54:35 : isPortInterface: 0
MIG: 01:54:35 : isPortInterface: 0
MIG: 01:54:35 : isPortInterface: 0
MIG: 01:54:35 : isPortInterface: 0
MIG: 01:54:35 : isPortInterface: 0
MIG: 01:54:35 : isPortInterface: 0
MIG: 01:54:35 : isPortInterface: 0
MIG: 01:54:35 : isPortInterface: 0
MIG: 01:54:35 : isPortInterface: 0
MIG: 01:54:35 : isPortInterface: 0
MIG: 01:54:35 : isPortInterface: 0
MIG: 01:54:35 : isPortInterface: 0
MIG: 01:54:35 : isPortInterface: 0
MIG: 01:54:35 : isPortInterface: 0
MIG: 01:54:35 : isPortInterface: 0
MIG: 01:54:35 : isPortInterface: 0
MIG: 01:54:35 : isPortInterface: 0
MIG: 01:54:35 : isPortInterface: 0
MIG: 01:54:35 : isPortInterface: 0
MIG: 01:54:35 : isPortInterface: 0
MIG: 01:54:35 : isPortInterface: 0
MIG: 01:54:35 : isPortInterface: 0
MIG: 01:54:35 : isPortInterface: 0
MIG: 01:54:35 : isPortInterface: 0
MIG: 01:54:35 : isPortInterface: 0
MIG: 01:54:35 : isPortInterface: 0
MIG: 01:54:35 : isPortInterface: 0
MIG: 01:54:35 : isPortInterface: 0
MIG: 01:54:35 : isPortInterface: 0
MIG: 01:54:35 : isPortInterface: 0
MIG: 01:54:35 : isPortInterface: 0
MIG: 01:54:35 : isPortInterface: 0
MIG: 01:54:35 : isPortInterface: 0
MIG: 01:54:35 : isPortInterface: 0
MIG: 01:54:35 : isPortInterface: 0
MIG: 01:54:35 : isPortInterface: 0
MIG: 01:54:35 : isPortInterface: 0
MIG: 01:54:35 : isPortInterface: 0
MIG: 01:54:35 : isPortInterface: 0
MIG: 01:54:35 : isPortInterface: 0
MIG: 01:54:35 : isPortInterface: 0
MIG: 01:54:35 : isPortInterface: 0
MIG: 01:54:35 : isPortInterface: 0
MIG: 01:54:35 : isPortInterface: 0
MIG: 01:54:35 : isPortInterface: 0
MIG: 01:54:35 : isPortInterface: 0
MIG: 01:54:35 : isPortInterface: 0
MIG: 01:54:35 : isPortInterface: 0
MIG: 01:54:35 : isPortInterface: 0
MIG: 01:54:35 : isPortInterface: 0
MIG: 01:54:35 : isPortInterface: 0
MIG: 01:54:35 : isPortInterface: 0
MIG: 01:54:35 : isPortInterface: 0
MIG: 01:54:35 : isPortInterface: 0
MIG: 01:54:35 : isPortInterface: 0
MIG: 01:54:35 : isPortInterface: 1
MIG: 01:54:35 : isPortInterface: 0
MIG: 01:54:35 : isPortInterface: 0
MIG: 01:54:35 : isPortInterface: 0
MIG: 01:54:35 : isPortInterface: 0
MIG: 01:54:35 : isPortInterface: 0
MIG: 01:54:35 : isPortInterface: 0
MIG: 01:54:35 : isPortInterface: 0
MIG: 01:54:35 : isPortInterface: 0
MIG: 01:54:35 : isPortInterface: 0
MIG: 01:54:35 : isPortInterface: 0
MIG: 01:54:35 :  locked false  
MIG: 01:54:35 : HDL Language: Verilog
MIG: 01:54:35 : compInfo: true
MIG: 01:54:35 : Vivado Options xc7a35ti csg324 -1l
MIG: 01:54:35 : 1: xc7a35ti 2: csg324 3: -1l
MIG: 01:54:35 : relative mig path: coregen/ip/xilinx/other/com/xilinx/ip/mig_7series_v4_0/bin/lin64/mig
MIG: 01:54:35 : xilinx_path: /media/makerspace/makerspace_hd/Xilinx/Vivado/2017.1/ids_lite/ISE
MIG: 01:54:35 : I am in catch area
MIG: 01:54:35 : Running /media/makerspace/makerspace_hd/Xilinx/Vivado/2017.1/ids_lite/ISE/coregen/ip/xilinx/other/com/xilinx/ip/mig_7series_v4_0/bin/lin64/mig -cg_exc_inp /media/makerspace/makerspace_hd/VivadoProjects/helloworld/helloworld.srcs/sources_1/bd/usart/ip/usart_mig_7series_0_0/xil_txt.in -cg_exc_out /media/makerspace/makerspace_hd/VivadoProjects/helloworld/helloworld.srcs/sources_1/bd/usart/ip/usart_mig_7series_0_0/xil_txt.out ... 
MIG: 01:54:55 : XML_INPUT_FILE: /media/makerspace/makerspace_hd/VivadoProjects/helloworld/helloworld.srcs/sources_1/bd/usart/ip/usart_mig_7series_0_0/board.prj
MIG: 01:54:55 : Component_Name: usart_mig_7series_0_0
MIG: 01:54:55 : Moving usart_mig_7series_0_0 ...
MIG: 01:54:55 : Moving usart_mig_7series_0_0.veo ...
MIG: 01:54:55 : Moving usart_mig_7series_0_0_xmdf.tcl ...
MIG: 01:54:55 : XGUI hdlLanguage: Verilog
MIG: 01:54:55 : xgui vivado_mode: xpg_bd
MIG: 01:54:55 : xgui hdlLanguage: Verilog -- hdlExt: v
MIG: 01:54:55 : Reading /media/makerspace/makerspace_hd/VivadoProjects/helloworld/helloworld.srcs/sources_1/bd/usart/ip/usart_mig_7series_0_0/usart_mig_7series_0_0/user_design/rtl/usart_mig_7series_0_0_mig.v ...
MIG: 01:54:57 : 1
MIG: 01:54:57 : Inside fn mem: DDR3
MIG: 01:54:57 : detect_uiclk: 83333333
MIG: 01:54:57 : cntrl:  memtype: DDR3
MIG: 01:54:57 : 666
MIG: 01:54:57 :  MMCM_VCO single ctrl param_name: MMCM_VCO --  possibleMaxVcoVal: 666 
MIG: 01:54:57 : 
MIG: 01:54:57 : 1
MIG: 01:54:57 : 83333333
MIG: 01:54:57 : 
MIG: 01:54:57 :  polarity_value: 1
MIG: 01:54:57 : 
MIG: 01:54:57 : 
MIG: 01:54:57 : cntrl:  memtype: DDR3
MIG: 01:54:57 : 
MIG: 01:54:57 :  Valid Param: DDR3_BANK_WIDTH ==> 3
MIG: 01:54:57 : 
MIG: 01:54:57 :  Valid Param: DDR3_CK_WIDTH ==> 1
MIG: 01:54:57 :  Invalid Param: DDR3_COL_WIDTH ==> 10
MIG: 01:54:57 : 
MIG: 01:54:57 :  Valid Param: DDR3_CS_WIDTH ==> 1
MIG: 01:54:57 : 
MIG: 01:54:57 :  Valid Param: DDR3_nCS_PER_RANK ==> 1
MIG: 01:54:57 : 
MIG: 01:54:57 :  Valid Param: DDR3_CKE_WIDTH ==> 1
MIG: 01:54:57 :  Invalid Param: DDR3_DATA_BUF_ADDR_WIDTH ==> 5
MIG: 01:54:57 :  Invalid Param: DDR3_DQ_CNT_WIDTH ==> 4
MIG: 01:54:57 :  Invalid Param: DDR3_DQ_PER_DM ==> 8
MIG: 01:54:57 : 2
MIG: 01:54:57 :  Valid Param: DDR3_DM_WIDTH ==> 2
MIG: 01:54:57 : 16
MIG: 01:54:57 :  Valid Param: DDR3_DQ_WIDTH ==> 16
MIG: 01:54:57 : 2
MIG: 01:54:57 :  Valid Param: DDR3_DQS_WIDTH ==> 2
MIG: 01:54:57 : 
MIG: 01:54:57 :  Valid Param: DDR3_DQS_CNT_WIDTH ==> 1
MIG: 01:54:57 :  Invalid Param: DDR3_DRAM_WIDTH ==> 8
MIG: 01:54:57 : 
MIG: 01:54:57 :  Valid Param: ECC ==> OFF
MIG: 01:54:57 : 16
MIG: 01:54:57 :  Valid Param: DDR3_DATA_WIDTH ==> 16
MIG: 01:54:57 :  Invalid Param: ECC_TEST ==> "OFF"
MIG: 01:54:57 :  Invalid Param: DDR3_PAYLOAD_WIDTH ==> (ECC_TEST == "OFF") ? DATA_WIDTH : DQ_WIDTH
MIG: 01:54:57 :  Invalid Param: DDR3_MEM_ADDR_ORDER ==> "BANK_ROW_COLUMN"
MIG: 01:54:57 :  Invalid Param: DDR3_nBANK_MACHS ==> 4
MIG: 01:54:57 :  Invalid Param: DDR3_RANKS ==> 1
MIG: 01:54:57 : 
MIG: 01:54:57 :  Valid Param: DDR3_ODT_WIDTH ==> 1
MIG: 01:54:57 : 
MIG: 01:54:57 :  Valid Param: DDR3_ROW_WIDTH ==> 14
MIG: 01:54:57 : 28
MIG: 01:54:57 :  Valid Param: DDR3_ADDR_WIDTH ==> 28
MIG: 01:54:57 : 
MIG: 01:54:57 :  Valid Param: DDR3_USE_CS_PORT ==> 1
MIG: 01:54:57 : 
MIG: 01:54:57 :  Valid Param: DDR3_USE_DM_PORT ==> 1
MIG: 01:54:57 : 
MIG: 01:54:57 :  Valid Param: DDR3_USE_ODT_PORT ==> 1
MIG: 01:54:57 :  Invalid Param: DDR3_IS_CLK_SHARED ==> "FALSE"
MIG: 01:54:57 :  Invalid Param: DDR3_PHY_CONTROL_MASTER_BANK ==> 0
MIG: 01:54:57 :  Invalid Param: DDR3_MEM_DENSITY ==> "2Gb"
MIG: 01:54:57 :  Invalid Param: DDR3_MEM_SPEEDGRADE ==> "15E"
MIG: 01:54:57 :  Invalid Param: DDR3_MEM_DEVICE_WIDTH ==> 16
MIG: 01:54:57 :  Invalid Param: DDR3_AL ==> "0"
MIG: 01:54:57 :  Invalid Param: DDR3_nAL ==> 0
MIG: 01:54:57 :  Invalid Param: DDR3_BURST_MODE ==> "8"
MIG: 01:54:57 :  Invalid Param: DDR3_BURST_TYPE ==> "SEQ"
MIG: 01:54:57 :  Invalid Param: DDR3_CL ==> 5
MIG: 01:54:57 :  Invalid Param: DDR3_CWL ==> 5
MIG: 01:54:57 :  Invalid Param: DDR3_OUTPUT_DRV ==> "LOW"
MIG: 01:54:57 :  Invalid Param: DDR3_RTT_NOM ==> "40"
MIG: 01:54:57 :  Invalid Param: DDR3_RTT_WR ==> "OFF"
MIG: 01:54:57 :  Invalid Param: DDR3_ADDR_CMD_MODE ==> "1T"
MIG: 01:54:57 : 
MIG: 01:54:57 :  Valid Param: DDR3_REG_CTRL ==> OFF
MIG: 01:54:57 :  Invalid Param: DDR3_CA_MIRROR ==> "OFF"
MIG: 01:54:57 :  Invalid Param: DDR3_VDD_OP_VOLT ==> "135"
MIG: 01:54:57 :  Invalid Param: DDR3_CLKIN_PERIOD ==> 6000
MIG: 01:54:57 :  Invalid Param: DDR3_CLKFBOUT_MULT ==> 8
MIG: 01:54:57 :  Invalid Param: DDR3_DIVCLK_DIVIDE ==> 1
MIG: 01:54:57 :  Invalid Param: DDR3_CLKOUT0_PHASE ==> 0.0
MIG: 01:54:57 :  Invalid Param: DDR3_CLKOUT0_DIVIDE ==> 2
MIG: 01:54:57 :  Invalid Param: DDR3_CLKOUT1_DIVIDE ==> 4
MIG: 01:54:57 :  Invalid Param: DDR3_CLKOUT2_DIVIDE ==> 64
MIG: 01:54:57 :  Invalid Param: DDR3_CLKOUT3_DIVIDE ==> 16
MIG: 01:54:57 :  Invalid Param: DDR3_MMCM_VCO ==> 666
MIG: 01:54:57 :  Invalid Param: DDR3_MMCM_MULT_F ==> 8
MIG: 01:54:57 :  Invalid Param: DDR3_MMCM_DIVCLK_DIVIDE ==> 1
MIG: 01:54:57 :  Invalid Param: DDR3_tCKE ==> 5625
MIG: 01:54:57 :  Invalid Param: DDR3_tFAW ==> 45000
MIG: 01:54:57 :  Invalid Param: DDR3_tPRDI ==> 1_000_000
MIG: 01:54:57 :  Invalid Param: DDR3_tRAS ==> 36000
MIG: 01:54:57 :  Invalid Param: DDR3_tRCD ==> 13500
MIG: 01:54:57 :  Invalid Param: DDR3_tREFI ==> 7800000
MIG: 01:54:57 :  Invalid Param: DDR3_tRFC ==> 160000
MIG: 01:54:57 :  Invalid Param: DDR3_tRP ==> 13500
MIG: 01:54:57 :  Invalid Param: DDR3_tRRD ==> 7500
MIG: 01:54:57 :  Invalid Param: DDR3_tRTP ==> 7500
MIG: 01:54:57 :  Invalid Param: DDR3_tWTR ==> 7500
MIG: 01:54:57 :  Invalid Param: DDR3_tZQI ==> 128_000_000
MIG: 01:54:57 :  Invalid Param: DDR3_tZQCS ==> 64
MIG: 01:54:57 :  Invalid Param: DDR3_SIM_BYPASS_INIT_CAL ==> "OFF"
MIG: 01:54:57 :  Invalid Param: DDR3_SIMULATION ==> "FALSE"
MIG: 01:54:57 :  Invalid Param: DDR3_BYTE_LANES_B0 ==> 4'b1111
MIG: 01:54:57 :  Invalid Param: DDR3_BYTE_LANES_B1 ==> 4'b0000
MIG: 01:54:57 :  Invalid Param: DDR3_BYTE_LANES_B2 ==> 4'b0000
MIG: 01:54:57 :  Invalid Param: DDR3_BYTE_LANES_B3 ==> 4'b0000
MIG: 01:54:57 :  Invalid Param: DDR3_BYTE_LANES_B4 ==> 4'b0000
MIG: 01:54:57 :  Invalid Param: DDR3_DATA_CTL_B0 ==> 4'b1100
MIG: 01:54:57 :  Invalid Param: DDR3_DATA_CTL_B1 ==> 4'b0000
MIG: 01:54:57 :  Invalid Param: DDR3_DATA_CTL_B2 ==> 4'b0000
MIG: 01:54:57 :  Invalid Param: DDR3_DATA_CTL_B3 ==> 4'b0000
MIG: 01:54:57 :  Invalid Param: DDR3_DATA_CTL_B4 ==> 4'b0000
MIG: 01:54:57 :  Invalid Param: DDR3_PHY_0_BITLANES ==> 48'h3FE_3FE_FFF_BFF
MIG: 01:54:57 :  Invalid Param: DDR3_PHY_1_BITLANES ==> 48'h000_000_000_000
MIG: 01:54:57 :  Invalid Param: DDR3_PHY_2_BITLANES ==> 48'h000_000_000_000
MIG: 01:54:57 :  Invalid Param: DDR3_CK_BYTE_MAP ==> 144'h00_00_00_00_00_00_00_00_00_00_00_00_00_00_00_00_00_00
MIG: 01:54:57 :  Invalid Param: DDR3_ADDR_MAP ==> 192'h000_000_000_002_004_009_007_001_005_006_003_010_012_014_011_01A
MIG: 01:54:57 :  Invalid Param: DDR3_BANK_MAP ==> 36'h01B_017_013
MIG: 01:54:57 :  Invalid Param: DDR3_CAS_MAP ==> 12'h015
MIG: 01:54:57 :  Invalid Param: DDR3_CKE_ODT_BYTE_MAP ==> 8'h00
MIG: 01:54:57 :  Invalid Param: DDR3_CKE_MAP ==> 96'h000_000_000_000_000_000_000_019
MIG: 01:54:57 :  Invalid Param: DDR3_ODT_MAP ==> 96'h000_000_000_000_000_000_000_008
MIG: 01:54:57 :  Invalid Param: DDR3_CS_MAP ==> 120'h000_000_000_000_000_000_000_000_000_00B
MIG: 01:54:57 :  Invalid Param: DDR3_PARITY_MAP ==> 12'h000
MIG: 01:54:57 :  Invalid Param: DDR3_RAS_MAP ==> 12'h016
MIG: 01:54:57 :  Invalid Param: DDR3_WE_MAP ==> 12'h018
MIG: 01:54:57 :  Invalid Param: DDR3_DQS_BYTE_MAP ==> 144'h00_00_00_00_00_00_00_00_00_00_00_00_00_00_00_00_02_03
MIG: 01:54:57 :  Invalid Param: DDR3_DATA0_MAP ==> 96'h034_032_038_035_031_037_036_033
MIG: 01:54:57 :  Invalid Param: DDR3_DATA1_MAP ==> 96'h023_026_022_028_025_027_021_024
MIG: 01:54:57 :  Invalid Param: DDR3_DATA2_MAP ==> 96'h000_000_000_000_000_000_000_000
MIG: 01:54:57 :  Invalid Param: DDR3_DATA3_MAP ==> 96'h000_000_000_000_000_000_000_000
MIG: 01:54:57 :  Invalid Param: DDR3_DATA4_MAP ==> 96'h000_000_000_000_000_000_000_000
MIG: 01:54:57 :  Invalid Param: DDR3_DATA5_MAP ==> 96'h000_000_000_000_000_000_000_000
MIG: 01:54:57 :  Invalid Param: DDR3_DATA6_MAP ==> 96'h000_000_000_000_000_000_000_000
MIG: 01:54:57 :  Invalid Param: DDR3_DATA7_MAP ==> 96'h000_000_000_000_000_000_000_000
MIG: 01:54:57 :  Invalid Param: DDR3_DATA8_MAP ==> 96'h000_000_000_000_000_000_000_000
MIG: 01:54:57 :  Invalid Param: DDR3_DATA9_MAP ==> 96'h000_000_000_000_000_000_000_000
MIG: 01:54:57 :  Invalid Param: DDR3_DATA10_MAP ==> 96'h000_000_000_000_000_000_000_000
MIG: 01:54:57 :  Invalid Param: DDR3_DATA11_MAP ==> 96'h000_000_000_000_000_000_000_000
MIG: 01:54:57 :  Invalid Param: DDR3_DATA12_MAP ==> 96'h000_000_000_000_000_000_000_000
MIG: 01:54:57 :  Invalid Param: DDR3_DATA13_MAP ==> 96'h000_000_000_000_000_000_000_000
MIG: 01:54:57 :  Invalid Param: DDR3_DATA14_MAP ==> 96'h000_000_000_000_000_000_000_000
MIG: 01:54:57 :  Invalid Param: DDR3_DATA15_MAP ==> 96'h000_000_000_000_000_000_000_000
MIG: 01:54:57 :  Invalid Param: DDR3_DATA16_MAP ==> 96'h000_000_000_000_000_000_000_000
MIG: 01:54:57 :  Invalid Param: DDR3_DATA17_MAP ==> 96'h000_000_000_000_000_000_000_000
MIG: 01:54:57 :  Invalid Param: DDR3_MASK0_MAP ==> 108'h000_000_000_000_000_000_000_029_039
MIG: 01:54:57 :  Invalid Param: DDR3_MASK1_MAP ==> 108'h000_000_000_000_000_000_000_000_000
MIG: 01:54:57 :  Invalid Param: DDR3_SLOT_0_CONFIG ==> 8'b0000_0001
MIG: 01:54:57 :  Invalid Param: DDR3_SLOT_1_CONFIG ==> 8'b0000_0000
MIG: 01:54:57 :  Invalid Param: DDR3_IBUF_LPWR_MODE ==> "OFF"
MIG: 01:54:57 :  Invalid Param: DDR3_DATA_IO_IDLE_PWRDWN ==> "ON"
MIG: 01:54:57 :  Invalid Param: DDR3_BANK_TYPE ==> "HR_IO"
MIG: 01:54:57 :  Invalid Param: DDR3_DATA_IO_PRIM_TYPE ==> "HR_LP"
MIG: 01:54:57 :  Invalid Param: DDR3_CKE_ODT_AUX ==> "FALSE"
MIG: 01:54:57 :  Invalid Param: DDR3_USER_REFRESH ==> "OFF"
MIG: 01:54:57 :  Invalid Param: DDR3_WRLVL ==> "ON"
MIG: 01:54:57 :  Invalid Param: DDR3_ORDERING ==> "NORM"
MIG: 01:54:57 :  Invalid Param: DDR3_CALIB_ROW_ADD ==> 16'h0000
MIG: 01:54:57 :  Invalid Param: DDR3_CALIB_COL_ADD ==> 12'h000
MIG: 01:54:57 :  Invalid Param: DDR3_CALIB_BA_ADD ==> 3'h0
MIG: 01:54:57 :  Invalid Param: DDR3_TCQ ==> 100
MIG: 01:54:57 :  Invalid Param: DDR3_IDELAY_ADJ ==> "OFF"
MIG: 01:54:57 :  Invalid Param: DDR3_FINE_PER_BIT ==> "OFF"
MIG: 01:54:57 :  Invalid Param: DDR3_CENTER_COMP_MODE ==> "OFF"
MIG: 01:54:57 :  Invalid Param: DDR3_PI_VAL_ADJ ==> "OFF"
MIG: 01:54:57 :  Invalid Param: DDR3_IODELAY_GRP0 ==> "USART_MIG_7SERIES_0_0_IODELAY_MIG0"
MIG: 01:54:57 :  Invalid Param: DDR3_IODELAY_GRP1 ==> "USART_MIG_7SERIES_0_0_IODELAY_MIG1"
MIG: 01:54:57 :  Invalid Param: DDR3_SYSCLK_TYPE ==> "NO_BUFFER"
MIG: 01:54:57 :  Invalid Param: DDR3_REFCLK_TYPE ==> "NO_BUFFER"
MIG: 01:54:57 :  Invalid Param: DDR3_SYS_RST_PORT ==> "FALSE"
MIG: 01:54:57 :  Invalid Param: DDR3_FPGA_SPEED_GRADE ==> 1
MIG: 01:54:57 :  Invalid Param: DDR3_CMD_PIPE_PLUS1 ==> "ON"
MIG: 01:54:57 :  Invalid Param: DDR3_DRAM_TYPE ==> "DDR3"
MIG: 01:54:57 :  Invalid Param: DDR3_CAL_WIDTH ==> "HALF"
MIG: 01:54:57 :  Invalid Param: DDR3_STARVE_LIMIT ==> 2
MIG: 01:54:57 :  Invalid Param: DDR3_REF_CLK_MMCM_IODELAY_CTRL ==> "FALSE"
MIG: 01:54:57 :  Invalid Param: DDR3_REFCLK_FREQ ==> 200.0
MIG: 01:54:57 :  Invalid Param: DDR3_DIFF_TERM_REFCLK ==> "TRUE"
MIG: 01:54:57 :  Invalid Param: DDR3_tCK ==> 3000
MIG: 01:54:57 : 4
MIG: 01:54:57 :  Valid Param: DDR3_nCK_PER_CLK ==> 4
MIG: 01:54:57 :  Invalid Param: DDR3_DIFF_TERM_SYSCLK ==> "TRUE"
MIG: 01:54:57 : 
MIG: 01:54:57 :  Valid Param: UI_EXTRA_CLOCKS ==> FALSE
MIG: 01:54:57 : 
MIG: 01:54:57 :  Valid Param: C_S_AXI_ID_WIDTH ==> 4
MIG: 01:54:57 : 268435456
MIG: 01:54:57 :  Valid Param: C_S_AXI_MEM_SIZE ==> 268435456
MIG: 01:54:57 : 28
MIG: 01:54:57 :  Valid Param: C_S_AXI_ADDR_WIDTH ==> 28
MIG: 01:54:57 : 128
MIG: 01:54:57 :  Valid Param: C_S_AXI_DATA_WIDTH ==> 128
MIG: 01:54:57 :  Invalid Param: DDR3_C_MC_nCK_PER_CLK ==> 4
MIG: 01:54:57 :  Invalid Param: C_S_AXI_SUPPORTS_NARROW_BURST ==> 0
MIG: 01:54:57 :  Invalid Param: DDR3_C_RD_WR_ARB_ALGORITHM ==> "RD_PRI_REG"
MIG: 01:54:57 :  Invalid Param: C_S_AXI_REG_EN0 ==> 20'h00000
MIG: 01:54:57 :  Invalid Param: C_S_AXI_REG_EN1 ==> 20'h00000
MIG: 01:54:57 : 
MIG: 01:54:57 :  Valid Param: C_S_AXI_CTRL_ADDR_WIDTH ==> 32
MIG: 01:54:57 : 
MIG: 01:54:57 :  Valid Param: C_S_AXI_CTRL_DATA_WIDTH ==> 32
MIG: 01:54:57 :  Invalid Param: C_S_AXI_BASEADDR ==> 32'h0000_0000
MIG: 01:54:57 :  Invalid Param: C_ECC_ONOFF_RESET_VALUE ==> 1
MIG: 01:54:57 :  Invalid Param: C_ECC_CE_COUNTER_WIDTH ==> 8
MIG: 01:54:57 : 
MIG: 01:54:57 :  Valid Param: DDR3_DEBUG_PORT ==> OFF
MIG: 01:54:57 : 
MIG: 01:54:57 :  Invalid Param: DDR3_TEMP_MON_CONTROL ==> "INTERNAL"
MIG: 01:54:57 :  Invalid Param: DDR3_FPGA_VOLT_TYPE ==> "N"
MIG: 01:54:57 :  Invalid Param: DDR3_RST_ACT_LOW ==> 1
MIG: 01:54:57 : NOBUF
MIG: 01:54:57 : NOBUF
MIG: 01:54:57 : 
MIG: 01:54:57 : Same Interface
MIG: 01:57:53 : xml_input_file: board.prj
MIG: 01:57:53 : Absolute path of xml_input_file: /media/makerspace/makerspace_hd/VivadoProjects/helloworld/helloworld.srcs/sources_1/bd/usart/ip/usart_mig_7series_0_0/board.prj
MIG: 01:57:53 : In updateAllModelParams
MIG: 01:57:53 : IGN:     <ModuleName>design_1_mig_7series_0_0</ModuleName> <==>     <ModuleName>usart_mig_7series_0_0</ModuleName> 
MIG: 01:57:53 : ERR:     <Version>2.3</Version> <==>     <Version>4.0</Version> 
MIG: 01:57:53 : ################# RUNNING MIG BATCH ###################
MIG: 01:57:53 : Writing IN file for 'usart_mig_7series_0_0'...compDirPath: /media/makerspace/makerspace_hd/Xilinx/Vivado/2017.1/data/ip/xilinx/mig_7series_v4_0... instDirPath: /media/makerspace/makerspace_hd/VivadoProjects/helloworld/helloworld.srcs/sources_1/bd/usart/ip/usart_mig_7series_0_0
MIG: 01:57:53 : synp_flow:  -- synthesis_mode: Other
MIG: 01:57:53 : outputDirectory: /media/makerspace/makerspace_hd/VivadoProjects/helloworld/helloworld.srcs/sources_1/bd/usart/ip/usart_mig_7series_0_0/_tmp/
MIG: 01:57:53 : vivado_mode: xpg_bd
MIG: 01:57:53 : isPortInterface: 0
MIG: 01:57:53 : isPortInterface: 0
MIG: 01:57:53 : isPortInterface: 0
MIG: 01:57:53 : isPortInterface: 0
MIG: 01:57:53 : isPortInterface: 0
MIG: 01:57:53 : isPortInterface: 0
MIG: 01:57:53 : isPortInterface: 0
MIG: 01:57:53 : isPortInterface: 0
MIG: 01:57:53 : isPortInterface: 0
MIG: 01:57:53 : isPortInterface: 0
MIG: 01:57:53 : isPortInterface: 0
MIG: 01:57:53 : isPortInterface: 0
MIG: 01:57:53 : isPortInterface: 0
MIG: 01:57:53 : isPortInterface: 0
MIG: 01:57:53 : isPortInterface: 0
MIG: 01:57:53 : isPortInterface: 0
MIG: 01:57:53 : isPortInterface: 0
MIG: 01:57:53 : isPortInterface: 0
MIG: 01:57:53 : isPortInterface: 0
MIG: 01:57:53 : isPortInterface: 0
MIG: 01:57:53 : isPortInterface: 0
MIG: 01:57:53 : isPortInterface: 0
MIG: 01:57:53 : isPortInterface: 0
MIG: 01:57:53 : isPortInterface: 0
MIG: 01:57:53 : isPortInterface: 0
MIG: 01:57:53 : isPortInterface: 0
MIG: 01:57:53 : isPortInterface: 0
MIG: 01:57:53 : isPortInterface: 0
MIG: 01:57:53 : isPortInterface: 0
MIG: 01:57:53 : isPortInterface: 0
MIG: 01:57:53 : isPortInterface: 0
MIG: 01:57:53 : isPortInterface: 0
MIG: 01:57:53 : isPortInterface: 0
MIG: 01:57:53 : isPortInterface: 0
MIG: 01:57:53 : isPortInterface: 0
MIG: 01:57:53 : isPortInterface: 0
MIG: 01:57:53 : isPortInterface: 0
MIG: 01:57:53 : isPortInterface: 0
MIG: 01:57:53 : isPortInterface: 0
MIG: 01:57:53 : isPortInterface: 0
MIG: 01:57:53 : isPortInterface: 0
MIG: 01:57:53 : isPortInterface: 0
MIG: 01:57:53 : isPortInterface: 0
MIG: 01:57:53 : isPortInterface: 0
MIG: 01:57:53 : isPortInterface: 0
MIG: 01:57:53 : isPortInterface: 0
MIG: 01:57:53 : isPortInterface: 0
MIG: 01:57:53 : isPortInterface: 0
MIG: 01:57:53 : isPortInterface: 0
MIG: 01:57:53 : isPortInterface: 0
MIG: 01:57:53 : isPortInterface: 0
MIG: 01:57:53 : isPortInterface: 0
MIG: 01:57:53 : isPortInterface: 0
MIG: 01:57:53 : isPortInterface: 0
MIG: 01:57:53 : isPortInterface: 0
MIG: 01:57:53 : isPortInterface: 0
MIG: 01:57:53 : isPortInterface: 0
MIG: 01:57:53 : isPortInterface: 0
MIG: 01:57:53 : isPortInterface: 0
MIG: 01:57:53 : isPortInterface: 0
MIG: 01:57:53 : isPortInterface: 0
MIG: 01:57:53 : isPortInterface: 0
MIG: 01:57:53 : isPortInterface: 0
MIG: 01:57:53 : isPortInterface: 0
MIG: 01:57:53 : isPortInterface: 0
MIG: 01:57:53 : isPortInterface: 0
MIG: 01:57:53 : isPortInterface: 0
MIG: 01:57:53 : isPortInterface: 0
MIG: 01:57:53 : isPortInterface: 0
MIG: 01:57:53 : isPortInterface: 0
MIG: 01:57:54 : isPortInterface: 0
MIG: 01:57:54 : isPortInterface: 0
MIG: 01:57:54 : isPortInterface: 0
MIG: 01:57:54 : isPortInterface: 0
MIG: 01:57:54 : isPortInterface: 0
MIG: 01:57:54 : isPortInterface: 0
MIG: 01:57:54 : isPortInterface: 0
MIG: 01:57:54 : isPortInterface: 0
MIG: 01:57:54 : isPortInterface: 0
MIG: 01:57:54 : isPortInterface: 0
MIG: 01:57:54 : isPortInterface: 0
MIG: 01:57:54 : isPortInterface: 0
MIG: 01:57:54 : isPortInterface: 0
MIG: 01:57:54 : isPortInterface: 0
MIG: 01:57:54 : isPortInterface: 0
MIG: 01:57:54 : isPortInterface: 0
MIG: 01:57:54 : isPortInterface: 0
MIG: 01:57:54 : isPortInterface: 0
MIG: 01:57:54 : isPortInterface: 0
MIG: 01:57:54 : isPortInterface: 0
MIG: 01:57:54 : isPortInterface: 0
MIG: 01:57:54 : isPortInterface: 0
MIG: 01:57:54 : isPortInterface: 0
MIG: 01:57:54 : isPortInterface: 0
MIG: 01:57:54 : isPortInterface: 0
MIG: 01:57:54 : isPortInterface: 0
MIG: 01:57:54 : isPortInterface: 0
MIG: 01:57:54 : isPortInterface: 0
MIG: 01:57:54 : isPortInterface: 0
MIG: 01:57:54 : isPortInterface: 0
MIG: 01:57:54 : isPortInterface: 0
MIG: 01:57:54 : isPortInterface: 0
MIG: 01:57:54 : isPortInterface: 0
MIG: 01:57:54 : isPortInterface: 0
MIG: 01:57:54 : isPortInterface: 0
MIG: 01:57:54 : isPortInterface: 0
MIG: 01:57:54 : isPortInterface: 0
MIG: 01:57:54 : isPortInterface: 0
MIG: 01:57:54 : isPortInterface: 0
MIG: 01:57:54 : isPortInterface: 0
MIG: 01:57:54 : isPortInterface: 0
MIG: 01:57:54 : isPortInterface: 0
MIG: 01:57:54 : isPortInterface: 0
MIG: 01:57:54 : isPortInterface: 0
MIG: 01:57:54 : isPortInterface: 0
MIG: 01:57:54 : isPortInterface: 0
MIG: 01:57:54 : isPortInterface: 0
MIG: 01:57:54 : isPortInterface: 0
MIG: 01:57:54 : isPortInterface: 0
MIG: 01:57:54 : isPortInterface: 0
MIG: 01:57:54 : isPortInterface: 0
MIG: 01:57:54 : isPortInterface: 0
MIG: 01:57:54 : isPortInterface: 0
MIG: 01:57:54 : isPortInterface: 1
MIG: 01:57:54 : isPortInterface: 0
MIG: 01:57:54 : isPortInterface: 0
MIG: 01:57:54 : isPortInterface: 0
MIG: 01:57:54 : isPortInterface: 0
MIG: 01:57:54 : isPortInterface: 0
MIG: 01:57:54 : isPortInterface: 0
MIG: 01:57:54 : isPortInterface: 0
MIG: 01:57:54 : isPortInterface: 0
MIG: 01:57:54 : isPortInterface: 0
MIG: 01:57:54 : isPortInterface: 0
MIG: 01:57:54 :  locked false  
MIG: 01:57:54 : HDL Language: Verilog
MIG: 01:57:54 : compInfo: true
MIG: 01:57:54 : Vivado Options xc7a35ti csg324 -1l
MIG: 01:57:54 : 1: xc7a35ti 2: csg324 3: -1l
MIG: 01:57:54 : relative mig path: coregen/ip/xilinx/other/com/xilinx/ip/mig_7series_v4_0/bin/lin64/mig
MIG: 01:57:54 : xilinx_path: /media/makerspace/makerspace_hd/Xilinx/Vivado/2017.1/ids_lite/ISE
MIG: 01:57:54 : I am in catch area
MIG: 01:57:54 : Running /media/makerspace/makerspace_hd/Xilinx/Vivado/2017.1/ids_lite/ISE/coregen/ip/xilinx/other/com/xilinx/ip/mig_7series_v4_0/bin/lin64/mig -cg_exc_inp /media/makerspace/makerspace_hd/VivadoProjects/helloworld/helloworld.srcs/sources_1/bd/usart/ip/usart_mig_7series_0_0/xil_txt.in -cg_exc_out /media/makerspace/makerspace_hd/VivadoProjects/helloworld/helloworld.srcs/sources_1/bd/usart/ip/usart_mig_7series_0_0/xil_txt.out ... 
MIG: 01:58:04 : XML_INPUT_FILE: /media/makerspace/makerspace_hd/VivadoProjects/helloworld/helloworld.srcs/sources_1/bd/usart/ip/usart_mig_7series_0_0/board.prj
MIG: 01:58:04 : Component_Name: usart_mig_7series_0_0
MIG: 01:58:04 : Moving usart_mig_7series_0_0 ...
MIG: 01:58:04 : Moving usart_mig_7series_0_0.veo ...
MIG: 01:58:04 : Moving usart_mig_7series_0_0_xmdf.tcl ...
MIG: 01:58:04 : XGUI hdlLanguage: Verilog
MIG: 01:58:04 : xgui vivado_mode: xpg_bd
MIG: 01:58:04 : xgui hdlLanguage: Verilog -- hdlExt: v
MIG: 01:58:04 : Reading /media/makerspace/makerspace_hd/VivadoProjects/helloworld/helloworld.srcs/sources_1/bd/usart/ip/usart_mig_7series_0_0/usart_mig_7series_0_0/user_design/rtl/usart_mig_7series_0_0_mig.v ...
MIG: 01:58:05 : 
MIG: 01:58:05 : Inside fn mem: DDR3
MIG: 01:58:05 : detect_uiclk: 83333333
MIG: 01:58:05 : cntrl:  memtype: DDR3
MIG: 01:58:05 : 
MIG: 01:58:05 :  MMCM_VCO single ctrl param_name: MMCM_VCO --  possibleMaxVcoVal: 666 
MIG: 01:58:05 : 
MIG: 01:58:05 : 
MIG: 01:58:05 : 
MIG: 01:58:05 : 
MIG: 01:58:05 :  polarity_value: 1
MIG: 01:58:05 : 
MIG: 01:58:05 : 
MIG: 01:58:05 : cntrl:  memtype: DDR3
MIG: 01:58:05 : 
MIG: 01:58:05 :  Valid Param: DDR3_BANK_WIDTH ==> 3
MIG: 01:58:05 : 
MIG: 01:58:05 :  Valid Param: DDR3_CK_WIDTH ==> 1
MIG: 01:58:05 :  Invalid Param: DDR3_COL_WIDTH ==> 10
MIG: 01:58:05 : 
MIG: 01:58:05 :  Valid Param: DDR3_CS_WIDTH ==> 1
MIG: 01:58:05 : 
MIG: 01:58:05 :  Valid Param: DDR3_nCS_PER_RANK ==> 1
MIG: 01:58:05 : 
MIG: 01:58:05 :  Valid Param: DDR3_CKE_WIDTH ==> 1
MIG: 01:58:05 :  Invalid Param: DDR3_DATA_BUF_ADDR_WIDTH ==> 5
MIG: 01:58:05 :  Invalid Param: DDR3_DQ_CNT_WIDTH ==> 4
MIG: 01:58:05 :  Invalid Param: DDR3_DQ_PER_DM ==> 8
MIG: 01:58:05 : 
MIG: 01:58:05 :  Valid Param: DDR3_DM_WIDTH ==> 2
MIG: 01:58:05 : 
MIG: 01:58:05 :  Valid Param: DDR3_DQ_WIDTH ==> 16
MIG: 01:58:05 : 
MIG: 01:58:05 :  Valid Param: DDR3_DQS_WIDTH ==> 2
MIG: 01:58:05 : 
MIG: 01:58:05 :  Valid Param: DDR3_DQS_CNT_WIDTH ==> 1
MIG: 01:58:05 :  Invalid Param: DDR3_DRAM_WIDTH ==> 8
MIG: 01:58:05 : 
MIG: 01:58:05 :  Valid Param: ECC ==> OFF
MIG: 01:58:05 : 
MIG: 01:58:05 :  Valid Param: DDR3_DATA_WIDTH ==> 16
MIG: 01:58:05 :  Invalid Param: ECC_TEST ==> "OFF"
MIG: 01:58:05 :  Invalid Param: DDR3_PAYLOAD_WIDTH ==> (ECC_TEST == "OFF") ? DATA_WIDTH : DQ_WIDTH
MIG: 01:58:05 :  Invalid Param: DDR3_MEM_ADDR_ORDER ==> "BANK_ROW_COLUMN"
MIG: 01:58:05 :  Invalid Param: DDR3_nBANK_MACHS ==> 4
MIG: 01:58:05 :  Invalid Param: DDR3_RANKS ==> 1
MIG: 01:58:05 : 
MIG: 01:58:05 :  Valid Param: DDR3_ODT_WIDTH ==> 1
MIG: 01:58:05 : 
MIG: 01:58:05 :  Valid Param: DDR3_ROW_WIDTH ==> 14
MIG: 01:58:05 : 
MIG: 01:58:05 :  Valid Param: DDR3_ADDR_WIDTH ==> 28
MIG: 01:58:05 : 
MIG: 01:58:05 :  Valid Param: DDR3_USE_CS_PORT ==> 1
MIG: 01:58:05 : 
MIG: 01:58:05 :  Valid Param: DDR3_USE_DM_PORT ==> 1
MIG: 01:58:05 : 
MIG: 01:58:05 :  Valid Param: DDR3_USE_ODT_PORT ==> 1
MIG: 01:58:05 :  Invalid Param: DDR3_IS_CLK_SHARED ==> "FALSE"
MIG: 01:58:05 :  Invalid Param: DDR3_PHY_CONTROL_MASTER_BANK ==> 0
MIG: 01:58:05 :  Invalid Param: DDR3_MEM_DENSITY ==> "2Gb"
MIG: 01:58:05 :  Invalid Param: DDR3_MEM_SPEEDGRADE ==> "15E"
MIG: 01:58:05 :  Invalid Param: DDR3_MEM_DEVICE_WIDTH ==> 16
MIG: 01:58:05 :  Invalid Param: DDR3_AL ==> "0"
MIG: 01:58:05 :  Invalid Param: DDR3_nAL ==> 0
MIG: 01:58:05 :  Invalid Param: DDR3_BURST_MODE ==> "8"
MIG: 01:58:05 :  Invalid Param: DDR3_BURST_TYPE ==> "SEQ"
MIG: 01:58:05 :  Invalid Param: DDR3_CL ==> 5
MIG: 01:58:05 :  Invalid Param: DDR3_CWL ==> 5
MIG: 01:58:05 :  Invalid Param: DDR3_OUTPUT_DRV ==> "LOW"
MIG: 01:58:05 :  Invalid Param: DDR3_RTT_NOM ==> "40"
MIG: 01:58:05 :  Invalid Param: DDR3_RTT_WR ==> "OFF"
MIG: 01:58:05 :  Invalid Param: DDR3_ADDR_CMD_MODE ==> "1T"
MIG: 01:58:05 : 
MIG: 01:58:05 :  Valid Param: DDR3_REG_CTRL ==> OFF
MIG: 01:58:05 :  Invalid Param: DDR3_CA_MIRROR ==> "OFF"
MIG: 01:58:05 :  Invalid Param: DDR3_VDD_OP_VOLT ==> "135"
MIG: 01:58:05 :  Invalid Param: DDR3_CLKIN_PERIOD ==> 6000
MIG: 01:58:05 :  Invalid Param: DDR3_CLKFBOUT_MULT ==> 8
MIG: 01:58:05 :  Invalid Param: DDR3_DIVCLK_DIVIDE ==> 1
MIG: 01:58:05 :  Invalid Param: DDR3_CLKOUT0_PHASE ==> 0.0
MIG: 01:58:05 :  Invalid Param: DDR3_CLKOUT0_DIVIDE ==> 2
MIG: 01:58:05 :  Invalid Param: DDR3_CLKOUT1_DIVIDE ==> 4
MIG: 01:58:05 :  Invalid Param: DDR3_CLKOUT2_DIVIDE ==> 64
MIG: 01:58:05 :  Invalid Param: DDR3_CLKOUT3_DIVIDE ==> 16
MIG: 01:58:05 :  Invalid Param: DDR3_MMCM_VCO ==> 666
MIG: 01:58:05 :  Invalid Param: DDR3_MMCM_MULT_F ==> 8
MIG: 01:58:05 :  Invalid Param: DDR3_MMCM_DIVCLK_DIVIDE ==> 1
MIG: 01:58:05 :  Invalid Param: DDR3_tCKE ==> 5625
MIG: 01:58:05 :  Invalid Param: DDR3_tFAW ==> 45000
MIG: 01:58:05 :  Invalid Param: DDR3_tPRDI ==> 1_000_000
MIG: 01:58:05 :  Invalid Param: DDR3_tRAS ==> 36000
MIG: 01:58:05 :  Invalid Param: DDR3_tRCD ==> 13500
MIG: 01:58:05 :  Invalid Param: DDR3_tREFI ==> 7800000
MIG: 01:58:05 :  Invalid Param: DDR3_tRFC ==> 160000
MIG: 01:58:05 :  Invalid Param: DDR3_tRP ==> 13500
MIG: 01:58:05 :  Invalid Param: DDR3_tRRD ==> 7500
MIG: 01:58:05 :  Invalid Param: DDR3_tRTP ==> 7500
MIG: 01:58:05 :  Invalid Param: DDR3_tWTR ==> 7500
MIG: 01:58:05 :  Invalid Param: DDR3_tZQI ==> 128_000_000
MIG: 01:58:05 :  Invalid Param: DDR3_tZQCS ==> 64
MIG: 01:58:05 :  Invalid Param: DDR3_SIM_BYPASS_INIT_CAL ==> "OFF"
MIG: 01:58:05 :  Invalid Param: DDR3_SIMULATION ==> "FALSE"
MIG: 01:58:05 :  Invalid Param: DDR3_BYTE_LANES_B0 ==> 4'b1111
MIG: 01:58:05 :  Invalid Param: DDR3_BYTE_LANES_B1 ==> 4'b0000
MIG: 01:58:05 :  Invalid Param: DDR3_BYTE_LANES_B2 ==> 4'b0000
MIG: 01:58:05 :  Invalid Param: DDR3_BYTE_LANES_B3 ==> 4'b0000
MIG: 01:58:05 :  Invalid Param: DDR3_BYTE_LANES_B4 ==> 4'b0000
MIG: 01:58:05 :  Invalid Param: DDR3_DATA_CTL_B0 ==> 4'b1100
MIG: 01:58:05 :  Invalid Param: DDR3_DATA_CTL_B1 ==> 4'b0000
MIG: 01:58:05 :  Invalid Param: DDR3_DATA_CTL_B2 ==> 4'b0000
MIG: 01:58:05 :  Invalid Param: DDR3_DATA_CTL_B3 ==> 4'b0000
MIG: 01:58:05 :  Invalid Param: DDR3_DATA_CTL_B4 ==> 4'b0000
MIG: 01:58:05 :  Invalid Param: DDR3_PHY_0_BITLANES ==> 48'h3FE_3FE_FFF_BFF
MIG: 01:58:05 :  Invalid Param: DDR3_PHY_1_BITLANES ==> 48'h000_000_000_000
MIG: 01:58:05 :  Invalid Param: DDR3_PHY_2_BITLANES ==> 48'h000_000_000_000
MIG: 01:58:05 :  Invalid Param: DDR3_CK_BYTE_MAP ==> 144'h00_00_00_00_00_00_00_00_00_00_00_00_00_00_00_00_00_00
MIG: 01:58:05 :  Invalid Param: DDR3_ADDR_MAP ==> 192'h000_000_000_002_004_009_007_001_005_006_003_010_012_014_011_01A
MIG: 01:58:05 :  Invalid Param: DDR3_BANK_MAP ==> 36'h01B_017_013
MIG: 01:58:05 :  Invalid Param: DDR3_CAS_MAP ==> 12'h015
MIG: 01:58:05 :  Invalid Param: DDR3_CKE_ODT_BYTE_MAP ==> 8'h00
MIG: 01:58:05 :  Invalid Param: DDR3_CKE_MAP ==> 96'h000_000_000_000_000_000_000_019
MIG: 01:58:05 :  Invalid Param: DDR3_ODT_MAP ==> 96'h000_000_000_000_000_000_000_008
MIG: 01:58:05 :  Invalid Param: DDR3_CS_MAP ==> 120'h000_000_000_000_000_000_000_000_000_00B
MIG: 01:58:05 :  Invalid Param: DDR3_PARITY_MAP ==> 12'h000
MIG: 01:58:05 :  Invalid Param: DDR3_RAS_MAP ==> 12'h016
MIG: 01:58:05 :  Invalid Param: DDR3_WE_MAP ==> 12'h018
MIG: 01:58:05 :  Invalid Param: DDR3_DQS_BYTE_MAP ==> 144'h00_00_00_00_00_00_00_00_00_00_00_00_00_00_00_00_02_03
MIG: 01:58:05 :  Invalid Param: DDR3_DATA0_MAP ==> 96'h034_032_038_035_031_037_036_033
MIG: 01:58:05 :  Invalid Param: DDR3_DATA1_MAP ==> 96'h023_026_022_028_025_027_021_024
MIG: 01:58:05 :  Invalid Param: DDR3_DATA2_MAP ==> 96'h000_000_000_000_000_000_000_000
MIG: 01:58:05 :  Invalid Param: DDR3_DATA3_MAP ==> 96'h000_000_000_000_000_000_000_000
MIG: 01:58:05 :  Invalid Param: DDR3_DATA4_MAP ==> 96'h000_000_000_000_000_000_000_000
MIG: 01:58:05 :  Invalid Param: DDR3_DATA5_MAP ==> 96'h000_000_000_000_000_000_000_000
MIG: 01:58:05 :  Invalid Param: DDR3_DATA6_MAP ==> 96'h000_000_000_000_000_000_000_000
MIG: 01:58:05 :  Invalid Param: DDR3_DATA7_MAP ==> 96'h000_000_000_000_000_000_000_000
MIG: 01:58:05 :  Invalid Param: DDR3_DATA8_MAP ==> 96'h000_000_000_000_000_000_000_000
MIG: 01:58:05 :  Invalid Param: DDR3_DATA9_MAP ==> 96'h000_000_000_000_000_000_000_000
MIG: 01:58:05 :  Invalid Param: DDR3_DATA10_MAP ==> 96'h000_000_000_000_000_000_000_000
MIG: 01:58:05 :  Invalid Param: DDR3_DATA11_MAP ==> 96'h000_000_000_000_000_000_000_000
MIG: 01:58:05 :  Invalid Param: DDR3_DATA12_MAP ==> 96'h000_000_000_000_000_000_000_000
MIG: 01:58:05 :  Invalid Param: DDR3_DATA13_MAP ==> 96'h000_000_000_000_000_000_000_000
MIG: 01:58:05 :  Invalid Param: DDR3_DATA14_MAP ==> 96'h000_000_000_000_000_000_000_000
MIG: 01:58:05 :  Invalid Param: DDR3_DATA15_MAP ==> 96'h000_000_000_000_000_000_000_000
MIG: 01:58:05 :  Invalid Param: DDR3_DATA16_MAP ==> 96'h000_000_000_000_000_000_000_000
MIG: 01:58:05 :  Invalid Param: DDR3_DATA17_MAP ==> 96'h000_000_000_000_000_000_000_000
MIG: 01:58:05 :  Invalid Param: DDR3_MASK0_MAP ==> 108'h000_000_000_000_000_000_000_029_039
MIG: 01:58:05 :  Invalid Param: DDR3_MASK1_MAP ==> 108'h000_000_000_000_000_000_000_000_000
MIG: 01:58:05 :  Invalid Param: DDR3_SLOT_0_CONFIG ==> 8'b0000_0001
MIG: 01:58:05 :  Invalid Param: DDR3_SLOT_1_CONFIG ==> 8'b0000_0000
MIG: 01:58:05 :  Invalid Param: DDR3_IBUF_LPWR_MODE ==> "OFF"
MIG: 01:58:05 :  Invalid Param: DDR3_DATA_IO_IDLE_PWRDWN ==> "ON"
MIG: 01:58:05 :  Invalid Param: DDR3_BANK_TYPE ==> "HR_IO"
MIG: 01:58:05 :  Invalid Param: DDR3_DATA_IO_PRIM_TYPE ==> "HR_LP"
MIG: 01:58:05 :  Invalid Param: DDR3_CKE_ODT_AUX ==> "FALSE"
MIG: 01:58:05 :  Invalid Param: DDR3_USER_REFRESH ==> "OFF"
MIG: 01:58:05 :  Invalid Param: DDR3_WRLVL ==> "ON"
MIG: 01:58:05 :  Invalid Param: DDR3_ORDERING ==> "NORM"
MIG: 01:58:05 :  Invalid Param: DDR3_CALIB_ROW_ADD ==> 16'h0000
MIG: 01:58:05 :  Invalid Param: DDR3_CALIB_COL_ADD ==> 12'h000
MIG: 01:58:05 :  Invalid Param: DDR3_CALIB_BA_ADD ==> 3'h0
MIG: 01:58:05 :  Invalid Param: DDR3_TCQ ==> 100
MIG: 01:58:05 :  Invalid Param: DDR3_IDELAY_ADJ ==> "OFF"
MIG: 01:58:05 :  Invalid Param: DDR3_FINE_PER_BIT ==> "OFF"
MIG: 01:58:05 :  Invalid Param: DDR3_CENTER_COMP_MODE ==> "OFF"
MIG: 01:58:05 :  Invalid Param: DDR3_PI_VAL_ADJ ==> "OFF"
MIG: 01:58:05 :  Invalid Param: DDR3_IODELAY_GRP0 ==> "USART_MIG_7SERIES_0_0_IODELAY_MIG0"
MIG: 01:58:05 :  Invalid Param: DDR3_IODELAY_GRP1 ==> "USART_MIG_7SERIES_0_0_IODELAY_MIG1"
MIG: 01:58:05 :  Invalid Param: DDR3_SYSCLK_TYPE ==> "NO_BUFFER"
MIG: 01:58:05 :  Invalid Param: DDR3_REFCLK_TYPE ==> "NO_BUFFER"
MIG: 01:58:05 :  Invalid Param: DDR3_SYS_RST_PORT ==> "FALSE"
MIG: 01:58:05 :  Invalid Param: DDR3_FPGA_SPEED_GRADE ==> 1
MIG: 01:58:05 :  Invalid Param: DDR3_CMD_PIPE_PLUS1 ==> "ON"
MIG: 01:58:05 :  Invalid Param: DDR3_DRAM_TYPE ==> "DDR3"
MIG: 01:58:05 :  Invalid Param: DDR3_CAL_WIDTH ==> "HALF"
MIG: 01:58:05 :  Invalid Param: DDR3_STARVE_LIMIT ==> 2
MIG: 01:58:05 :  Invalid Param: DDR3_REF_CLK_MMCM_IODELAY_CTRL ==> "FALSE"
MIG: 01:58:05 :  Invalid Param: DDR3_REFCLK_FREQ ==> 200.0
MIG: 01:58:05 :  Invalid Param: DDR3_DIFF_TERM_REFCLK ==> "TRUE"
MIG: 01:58:05 :  Invalid Param: DDR3_tCK ==> 3000
MIG: 01:58:05 : 
MIG: 01:58:05 :  Valid Param: DDR3_nCK_PER_CLK ==> 4
MIG: 01:58:05 :  Invalid Param: DDR3_DIFF_TERM_SYSCLK ==> "TRUE"
MIG: 01:58:05 : 
MIG: 01:58:05 :  Valid Param: UI_EXTRA_CLOCKS ==> FALSE
MIG: 01:58:05 : 
MIG: 01:58:05 :  Valid Param: C_S_AXI_ID_WIDTH ==> 4
MIG: 01:58:05 : 
MIG: 01:58:05 :  Valid Param: C_S_AXI_MEM_SIZE ==> 268435456
MIG: 01:58:05 : 
MIG: 01:58:05 :  Valid Param: C_S_AXI_ADDR_WIDTH ==> 28
MIG: 01:58:05 : 
MIG: 01:58:05 :  Valid Param: C_S_AXI_DATA_WIDTH ==> 128
MIG: 01:58:05 :  Invalid Param: DDR3_C_MC_nCK_PER_CLK ==> 4
MIG: 01:58:05 :  Invalid Param: C_S_AXI_SUPPORTS_NARROW_BURST ==> 0
MIG: 01:58:05 :  Invalid Param: DDR3_C_RD_WR_ARB_ALGORITHM ==> "RD_PRI_REG"
MIG: 01:58:05 :  Invalid Param: C_S_AXI_REG_EN0 ==> 20'h00000
MIG: 01:58:05 :  Invalid Param: C_S_AXI_REG_EN1 ==> 20'h00000
MIG: 01:58:05 : 
MIG: 01:58:05 :  Valid Param: C_S_AXI_CTRL_ADDR_WIDTH ==> 32
MIG: 01:58:05 : 
MIG: 01:58:05 :  Valid Param: C_S_AXI_CTRL_DATA_WIDTH ==> 32
MIG: 01:58:05 :  Invalid Param: C_S_AXI_BASEADDR ==> 32'h0000_0000
MIG: 01:58:05 :  Invalid Param: C_ECC_ONOFF_RESET_VALUE ==> 1
MIG: 01:58:05 :  Invalid Param: C_ECC_CE_COUNTER_WIDTH ==> 8
MIG: 01:58:05 : 
MIG: 01:58:05 :  Valid Param: DDR3_DEBUG_PORT ==> OFF
MIG: 01:58:05 : 
MIG: 01:58:05 :  Invalid Param: DDR3_TEMP_MON_CONTROL ==> "INTERNAL"
MIG: 01:58:05 :  Invalid Param: DDR3_FPGA_VOLT_TYPE ==> "N"
MIG: 01:58:05 :  Invalid Param: DDR3_RST_ACT_LOW ==> 1
MIG: 01:58:05 : 
MIG: 01:58:05 : 
MIG: 01:58:05 : 
MIG: 01:58:05 : Same Interface
MIG: 02:06:51 : Running synthesis.xit
MIG: 02:06:51 : IGN:     <ModuleName>design_1_mig_7series_0_0</ModuleName> <==>     <ModuleName>usart_mig_7series_0_0</ModuleName> 
MIG: 02:06:51 : ERR:     <Version>2.3</Version> <==>     <Version>4.0</Version> 
MIG: 02:06:51 : ################# RUNNING MIG BATCH ###################
MIG: 02:06:51 : Writing IN file for 'usart_mig_7series_0_0'...compDirPath: /media/makerspace/makerspace_hd/Xilinx/Vivado/2017.1/data/ip/xilinx/mig_7series_v4_0... instDirPath: /media/makerspace/makerspace_hd/VivadoProjects/helloworld/helloworld.srcs/sources_1/bd/usart/ip/usart_mig_7series_0_0
MIG: 02:06:51 : synp_flow:  -- synthesis_mode: Other
MIG: 02:06:51 : outputDirectory: /media/makerspace/makerspace_hd/VivadoProjects/helloworld/helloworld.srcs/sources_1/bd/usart/ip/usart_mig_7series_0_0/_tmp/
MIG: 02:06:51 : vivado_mode: xpg_bd
MIG: 02:06:51 : isPortInterface: 0
MIG: 02:06:51 : isPortInterface: 0
MIG: 02:06:51 : isPortInterface: 0
MIG: 02:06:51 : isPortInterface: 0
MIG: 02:06:51 : isPortInterface: 0
MIG: 02:06:51 : isPortInterface: 0
MIG: 02:06:51 : isPortInterface: 0
MIG: 02:06:51 : isPortInterface: 0
MIG: 02:06:51 : isPortInterface: 0
MIG: 02:06:51 : isPortInterface: 0
MIG: 02:06:51 : isPortInterface: 0
MIG: 02:06:51 : isPortInterface: 0
MIG: 02:06:51 : isPortInterface: 0
MIG: 02:06:51 : isPortInterface: 0
MIG: 02:06:51 : isPortInterface: 0
MIG: 02:06:51 : isPortInterface: 0
MIG: 02:06:51 : isPortInterface: 0
MIG: 02:06:51 : isPortInterface: 0
MIG: 02:06:51 : isPortInterface: 0
MIG: 02:06:51 : isPortInterface: 0
MIG: 02:06:51 : isPortInterface: 0
MIG: 02:06:51 : isPortInterface: 0
MIG: 02:06:51 : isPortInterface: 0
MIG: 02:06:51 : isPortInterface: 0
MIG: 02:06:51 : isPortInterface: 0
MIG: 02:06:51 : isPortInterface: 0
MIG: 02:06:51 : isPortInterface: 0
MIG: 02:06:51 : isPortInterface: 0
MIG: 02:06:51 : isPortInterface: 0
MIG: 02:06:51 : isPortInterface: 0
MIG: 02:06:51 : isPortInterface: 0
MIG: 02:06:51 : isPortInterface: 0
MIG: 02:06:51 : isPortInterface: 0
MIG: 02:06:51 : isPortInterface: 0
MIG: 02:06:51 : isPortInterface: 0
MIG: 02:06:51 : isPortInterface: 0
MIG: 02:06:51 : isPortInterface: 0
MIG: 02:06:51 : isPortInterface: 0
MIG: 02:06:51 : isPortInterface: 0
MIG: 02:06:51 : isPortInterface: 0
MIG: 02:06:51 : isPortInterface: 0
MIG: 02:06:51 : isPortInterface: 0
MIG: 02:06:51 : isPortInterface: 0
MIG: 02:06:51 : isPortInterface: 0
MIG: 02:06:51 : isPortInterface: 0
MIG: 02:06:51 : isPortInterface: 0
MIG: 02:06:51 : isPortInterface: 0
MIG: 02:06:51 : isPortInterface: 0
MIG: 02:06:51 : isPortInterface: 0
MIG: 02:06:51 : isPortInterface: 0
MIG: 02:06:51 : isPortInterface: 0
MIG: 02:06:51 : isPortInterface: 0
MIG: 02:06:51 : isPortInterface: 0
MIG: 02:06:51 : isPortInterface: 0
MIG: 02:06:51 : isPortInterface: 0
MIG: 02:06:51 : isPortInterface: 0
MIG: 02:06:51 : isPortInterface: 0
MIG: 02:06:51 : isPortInterface: 0
MIG: 02:06:51 : isPortInterface: 0
MIG: 02:06:51 : isPortInterface: 0
MIG: 02:06:51 : isPortInterface: 0
MIG: 02:06:51 : isPortInterface: 0
MIG: 02:06:51 : isPortInterface: 0
MIG: 02:06:51 : isPortInterface: 0
MIG: 02:06:51 : isPortInterface: 0
MIG: 02:06:51 : isPortInterface: 0
MIG: 02:06:51 : isPortInterface: 0
MIG: 02:06:51 : isPortInterface: 0
MIG: 02:06:51 : isPortInterface: 0
MIG: 02:06:51 : isPortInterface: 0
MIG: 02:06:51 : isPortInterface: 0
MIG: 02:06:51 : isPortInterface: 0
MIG: 02:06:51 : isPortInterface: 0
MIG: 02:06:51 : isPortInterface: 0
MIG: 02:06:51 : isPortInterface: 0
MIG: 02:06:51 : isPortInterface: 0
MIG: 02:06:51 : isPortInterface: 0
MIG: 02:06:51 : isPortInterface: 0
MIG: 02:06:51 : isPortInterface: 0
MIG: 02:06:51 : isPortInterface: 0
MIG: 02:06:51 : isPortInterface: 0
MIG: 02:06:51 : isPortInterface: 0
MIG: 02:06:51 : isPortInterface: 0
MIG: 02:06:51 : isPortInterface: 0
MIG: 02:06:51 : isPortInterface: 0
MIG: 02:06:51 : isPortInterface: 0
MIG: 02:06:51 : isPortInterface: 0
MIG: 02:06:51 : isPortInterface: 0
MIG: 02:06:51 : isPortInterface: 0
MIG: 02:06:51 : isPortInterface: 0
MIG: 02:06:51 : isPortInterface: 0
MIG: 02:06:51 : isPortInterface: 0
MIG: 02:06:51 : isPortInterface: 0
MIG: 02:06:51 : isPortInterface: 0
MIG: 02:06:51 : isPortInterface: 0
MIG: 02:06:51 : isPortInterface: 0
MIG: 02:06:51 : isPortInterface: 0
MIG: 02:06:51 : isPortInterface: 0
MIG: 02:06:51 : isPortInterface: 0
MIG: 02:06:51 : isPortInterface: 0
MIG: 02:06:51 : isPortInterface: 0
MIG: 02:06:51 : isPortInterface: 0
MIG: 02:06:51 : isPortInterface: 0
MIG: 02:06:51 : isPortInterface: 0
MIG: 02:06:51 : isPortInterface: 0
MIG: 02:06:51 : isPortInterface: 0
MIG: 02:06:51 : isPortInterface: 0
MIG: 02:06:51 : isPortInterface: 0
MIG: 02:06:51 : isPortInterface: 0
MIG: 02:06:51 : isPortInterface: 0
MIG: 02:06:51 : isPortInterface: 0
MIG: 02:06:51 : isPortInterface: 0
MIG: 02:06:51 : isPortInterface: 0
MIG: 02:06:51 : isPortInterface: 0
MIG: 02:06:51 : isPortInterface: 0
MIG: 02:06:51 : isPortInterface: 0
MIG: 02:06:51 : isPortInterface: 0
MIG: 02:06:51 : isPortInterface: 0
MIG: 02:06:51 : isPortInterface: 0
MIG: 02:06:51 : isPortInterface: 0
MIG: 02:06:51 : isPortInterface: 0
MIG: 02:06:51 : isPortInterface: 0
MIG: 02:06:51 : isPortInterface: 0
MIG: 02:06:51 : isPortInterface: 1
MIG: 02:06:51 : isPortInterface: 0
MIG: 02:06:51 : isPortInterface: 0
MIG: 02:06:51 : isPortInterface: 0
MIG: 02:06:51 : isPortInterface: 0
MIG: 02:06:51 : isPortInterface: 0
MIG: 02:06:51 : isPortInterface: 0
MIG: 02:06:51 : isPortInterface: 0
MIG: 02:06:51 : isPortInterface: 0
MIG: 02:06:51 : isPortInterface: 0
MIG: 02:06:51 : isPortInterface: 0
MIG: 02:06:51 :  locked false  
MIG: 02:06:51 : HDL Language: Verilog
MIG: 02:06:51 : compInfo: false
MIG: 02:06:51 : Vivado Options xc7a35ti csg324 -1l
MIG: 02:06:51 : 1: xc7a35ti 2: csg324 3: -1l
MIG: 02:06:51 : relative mig path: coregen/ip/xilinx/other/com/xilinx/ip/mig_7series_v4_0/bin/lin64/mig
MIG: 02:06:51 : xilinx_path: /media/makerspace/makerspace_hd/Xilinx/Vivado/2017.1/ids_lite/ISE
MIG: 02:06:51 : I am in catch area
MIG: 02:06:51 : Running /media/makerspace/makerspace_hd/Xilinx/Vivado/2017.1/ids_lite/ISE/coregen/ip/xilinx/other/com/xilinx/ip/mig_7series_v4_0/bin/lin64/mig -cg_exc_inp /media/makerspace/makerspace_hd/VivadoProjects/helloworld/helloworld.srcs/sources_1/bd/usart/ip/usart_mig_7series_0_0/xil_txt.in -cg_exc_out /media/makerspace/makerspace_hd/VivadoProjects/helloworld/helloworld.srcs/sources_1/bd/usart/ip/usart_mig_7series_0_0/xil_txt.out ... 
MIG: 02:07:02 : XML_INPUT_FILE: /media/makerspace/makerspace_hd/VivadoProjects/helloworld/helloworld.srcs/sources_1/bd/usart/ip/usart_mig_7series_0_0/board.prj
MIG: 02:07:02 : Component_Name: usart_mig_7series_0_0
MIG: 02:07:02 : Moving usart_mig_7series_0_0 ...
MIG: 02:07:02 : Moving usart_mig_7series_0_0.veo ...
MIG: 02:07:02 : Moving usart_mig_7series_0_0_xmdf.tcl ...
MIG: 02:07:02 : Running vlog_synth_rpr.xit
MIG: 02:07:02 : IGN:     <ModuleName>design_1_mig_7series_0_0</ModuleName> <==>     <ModuleName>usart_mig_7series_0_0</ModuleName> 
MIG: 02:07:02 : ERR:     <Version>2.3</Version> <==>     <Version>4.0</Version> 
MIG: 02:07:02 : ################# RUNNING MIG BATCH ###################
MIG: 02:07:02 : Writing IN file for 'usart_mig_7series_0_0'...compDirPath: /media/makerspace/makerspace_hd/Xilinx/Vivado/2017.1/data/ip/xilinx/mig_7series_v4_0... instDirPath: /media/makerspace/makerspace_hd/VivadoProjects/helloworld/helloworld.srcs/sources_1/bd/usart/ip/usart_mig_7series_0_0
MIG: 02:07:02 : synp_flow:  -- synthesis_mode: Other
MIG: 02:07:02 : outputDirectory: /media/makerspace/makerspace_hd/VivadoProjects/helloworld/helloworld.srcs/sources_1/bd/usart/ip/usart_mig_7series_0_0/_tmp/
MIG: 02:07:02 : vivado_mode: xpg_bd
MIG: 02:07:02 : isPortInterface: 0
MIG: 02:07:02 : isPortInterface: 0
MIG: 02:07:02 : isPortInterface: 0
MIG: 02:07:02 : isPortInterface: 0
MIG: 02:07:02 : isPortInterface: 0
MIG: 02:07:02 : isPortInterface: 0
MIG: 02:07:02 : isPortInterface: 0
MIG: 02:07:02 : isPortInterface: 0
MIG: 02:07:02 : isPortInterface: 0
MIG: 02:07:02 : isPortInterface: 0
MIG: 02:07:02 : isPortInterface: 0
MIG: 02:07:02 : isPortInterface: 0
MIG: 02:07:02 : isPortInterface: 0
MIG: 02:07:02 : isPortInterface: 0
MIG: 02:07:02 : isPortInterface: 0
MIG: 02:07:02 : isPortInterface: 0
MIG: 02:07:02 : isPortInterface: 0
MIG: 02:07:02 : isPortInterface: 0
MIG: 02:07:02 : isPortInterface: 0
MIG: 02:07:02 : isPortInterface: 0
MIG: 02:07:02 : isPortInterface: 0
MIG: 02:07:02 : isPortInterface: 0
MIG: 02:07:02 : isPortInterface: 0
MIG: 02:07:02 : isPortInterface: 0
MIG: 02:07:02 : isPortInterface: 0
MIG: 02:07:02 : isPortInterface: 0
MIG: 02:07:02 : isPortInterface: 0
MIG: 02:07:02 : isPortInterface: 0
MIG: 02:07:02 : isPortInterface: 0
MIG: 02:07:02 : isPortInterface: 0
MIG: 02:07:02 : isPortInterface: 0
MIG: 02:07:02 : isPortInterface: 0
MIG: 02:07:02 : isPortInterface: 0
MIG: 02:07:02 : isPortInterface: 0
MIG: 02:07:02 : isPortInterface: 0
MIG: 02:07:02 : isPortInterface: 0
MIG: 02:07:02 : isPortInterface: 0
MIG: 02:07:02 : isPortInterface: 0
MIG: 02:07:02 : isPortInterface: 0
MIG: 02:07:02 : isPortInterface: 0
MIG: 02:07:02 : isPortInterface: 0
MIG: 02:07:02 : isPortInterface: 0
MIG: 02:07:02 : isPortInterface: 0
MIG: 02:07:02 : isPortInterface: 0
MIG: 02:07:02 : isPortInterface: 0
MIG: 02:07:02 : isPortInterface: 0
MIG: 02:07:02 : isPortInterface: 0
MIG: 02:07:02 : isPortInterface: 0
MIG: 02:07:02 : isPortInterface: 0
MIG: 02:07:02 : isPortInterface: 0
MIG: 02:07:02 : isPortInterface: 0
MIG: 02:07:02 : isPortInterface: 0
MIG: 02:07:02 : isPortInterface: 0
MIG: 02:07:02 : isPortInterface: 0
MIG: 02:07:02 : isPortInterface: 0
MIG: 02:07:02 : isPortInterface: 0
MIG: 02:07:02 : isPortInterface: 0
MIG: 02:07:02 : isPortInterface: 0
MIG: 02:07:02 : isPortInterface: 0
MIG: 02:07:02 : isPortInterface: 0
MIG: 02:07:02 : isPortInterface: 0
MIG: 02:07:02 : isPortInterface: 0
MIG: 02:07:02 : isPortInterface: 0
MIG: 02:07:02 : isPortInterface: 0
MIG: 02:07:02 : isPortInterface: 0
MIG: 02:07:02 : isPortInterface: 0
MIG: 02:07:02 : isPortInterface: 0
MIG: 02:07:02 : isPortInterface: 0
MIG: 02:07:02 : isPortInterface: 0
MIG: 02:07:02 : isPortInterface: 0
MIG: 02:07:02 : isPortInterface: 0
MIG: 02:07:02 : isPortInterface: 0
MIG: 02:07:02 : isPortInterface: 0
MIG: 02:07:02 : isPortInterface: 0
MIG: 02:07:02 : isPortInterface: 0
MIG: 02:07:02 : isPortInterface: 0
MIG: 02:07:02 : isPortInterface: 0
MIG: 02:07:02 : isPortInterface: 0
MIG: 02:07:02 : isPortInterface: 0
MIG: 02:07:02 : isPortInterface: 0
MIG: 02:07:02 : isPortInterface: 0
MIG: 02:07:02 : isPortInterface: 0
MIG: 02:07:02 : isPortInterface: 0
MIG: 02:07:02 : isPortInterface: 0
MIG: 02:07:02 : isPortInterface: 0
MIG: 02:07:02 : isPortInterface: 0
MIG: 02:07:02 : isPortInterface: 0
MIG: 02:07:02 : isPortInterface: 0
MIG: 02:07:02 : isPortInterface: 0
MIG: 02:07:02 : isPortInterface: 0
MIG: 02:07:02 : isPortInterface: 0
MIG: 02:07:02 : isPortInterface: 0
MIG: 02:07:02 : isPortInterface: 0
MIG: 02:07:02 : isPortInterface: 0
MIG: 02:07:02 : isPortInterface: 0
MIG: 02:07:02 : isPortInterface: 0
MIG: 02:07:02 : isPortInterface: 0
MIG: 02:07:02 : isPortInterface: 0
MIG: 02:07:02 : isPortInterface: 0
MIG: 02:07:02 : isPortInterface: 0
MIG: 02:07:02 : isPortInterface: 0
MIG: 02:07:02 : isPortInterface: 0
MIG: 02:07:02 : isPortInterface: 0
MIG: 02:07:02 : isPortInterface: 0
MIG: 02:07:02 : isPortInterface: 0
MIG: 02:07:02 : isPortInterface: 0
MIG: 02:07:02 : isPortInterface: 0
MIG: 02:07:02 : isPortInterface: 0
MIG: 02:07:02 : isPortInterface: 0
MIG: 02:07:02 : isPortInterface: 0
MIG: 02:07:02 : isPortInterface: 0
MIG: 02:07:02 : isPortInterface: 0
MIG: 02:07:02 : isPortInterface: 0
MIG: 02:07:02 : isPortInterface: 0
MIG: 02:07:02 : isPortInterface: 0
MIG: 02:07:02 : isPortInterface: 0
MIG: 02:07:02 : isPortInterface: 0
MIG: 02:07:02 : isPortInterface: 0
MIG: 02:07:02 : isPortInterface: 0
MIG: 02:07:02 : isPortInterface: 0
MIG: 02:07:02 : isPortInterface: 0
MIG: 02:07:02 : isPortInterface: 0
MIG: 02:07:02 : isPortInterface: 0
MIG: 02:07:02 : isPortInterface: 1
MIG: 02:07:02 : isPortInterface: 0
MIG: 02:07:02 : isPortInterface: 0
MIG: 02:07:02 : isPortInterface: 0
MIG: 02:07:02 : isPortInterface: 0
MIG: 02:07:02 : isPortInterface: 0
MIG: 02:07:02 : isPortInterface: 0
MIG: 02:07:02 : isPortInterface: 0
MIG: 02:07:02 : isPortInterface: 0
MIG: 02:07:02 : isPortInterface: 0
MIG: 02:07:02 : isPortInterface: 0
MIG: 02:07:02 :  locked false  
MIG: 02:07:02 : HDL Language: Verilog
MIG: 02:07:02 : compInfo: false
MIG: 02:07:02 : Vivado Options xc7a35ti csg324 -1l
MIG: 02:07:02 : 1: xc7a35ti 2: csg324 3: -1l
MIG: 02:07:02 : relative mig path: coregen/ip/xilinx/other/com/xilinx/ip/mig_7series_v4_0/bin/lin64/mig
MIG: 02:07:02 : xilinx_path: /media/makerspace/makerspace_hd/Xilinx/Vivado/2017.1/ids_lite/ISE
MIG: 02:07:02 : I am in catch area
MIG: 02:07:02 : Running /media/makerspace/makerspace_hd/Xilinx/Vivado/2017.1/ids_lite/ISE/coregen/ip/xilinx/other/com/xilinx/ip/mig_7series_v4_0/bin/lin64/mig -cg_exc_inp /media/makerspace/makerspace_hd/VivadoProjects/helloworld/helloworld.srcs/sources_1/bd/usart/ip/usart_mig_7series_0_0/xil_txt.in -cg_exc_out /media/makerspace/makerspace_hd/VivadoProjects/helloworld/helloworld.srcs/sources_1/bd/usart/ip/usart_mig_7series_0_0/xil_txt.out ... 
MIG: 02:07:13 : XML_INPUT_FILE: /media/makerspace/makerspace_hd/VivadoProjects/helloworld/helloworld.srcs/sources_1/bd/usart/ip/usart_mig_7series_0_0/board.prj
MIG: 02:07:13 : Component_Name: usart_mig_7series_0_0
MIG: 02:07:13 : Moving usart_mig_7series_0_0 ...
MIG: 02:07:13 : Moving usart_mig_7series_0_0.veo ...
MIG: 02:07:13 : Moving usart_mig_7series_0_0_xmdf.tcl ...
MIG: 02:07:13 : Running simulation.xit
MIG: 02:07:13 : IGN:     <ModuleName>design_1_mig_7series_0_0</ModuleName> <==>     <ModuleName>usart_mig_7series_0_0</ModuleName> 
MIG: 02:07:13 : ERR:     <Version>2.3</Version> <==>     <Version>4.0</Version> 
MIG: 02:07:13 : ################# RUNNING MIG BATCH ###################
MIG: 02:07:13 : Writing IN file for 'usart_mig_7series_0_0'...compDirPath: /media/makerspace/makerspace_hd/Xilinx/Vivado/2017.1/data/ip/xilinx/mig_7series_v4_0... instDirPath: /media/makerspace/makerspace_hd/VivadoProjects/helloworld/helloworld.srcs/sources_1/bd/usart/ip/usart_mig_7series_0_0
MIG: 02:07:13 : synp_flow:  -- synthesis_mode: Other
MIG: 02:07:13 : outputDirectory: /media/makerspace/makerspace_hd/VivadoProjects/helloworld/helloworld.srcs/sources_1/bd/usart/ip/usart_mig_7series_0_0/_tmp/
MIG: 02:07:13 : vivado_mode: xpg_bd
MIG: 02:07:13 : isPortInterface: 0
MIG: 02:07:13 : isPortInterface: 0
MIG: 02:07:13 : isPortInterface: 0
MIG: 02:07:13 : isPortInterface: 0
MIG: 02:07:13 : isPortInterface: 0
MIG: 02:07:13 : isPortInterface: 0
MIG: 02:07:13 : isPortInterface: 0
MIG: 02:07:13 : isPortInterface: 0
MIG: 02:07:13 : isPortInterface: 0
MIG: 02:07:13 : isPortInterface: 0
MIG: 02:07:13 : isPortInterface: 0
MIG: 02:07:13 : isPortInterface: 0
MIG: 02:07:13 : isPortInterface: 0
MIG: 02:07:13 : isPortInterface: 0
MIG: 02:07:13 : isPortInterface: 0
MIG: 02:07:13 : isPortInterface: 0
MIG: 02:07:13 : isPortInterface: 0
MIG: 02:07:13 : isPortInterface: 0
MIG: 02:07:13 : isPortInterface: 0
MIG: 02:07:13 : isPortInterface: 0
MIG: 02:07:13 : isPortInterface: 0
MIG: 02:07:13 : isPortInterface: 0
MIG: 02:07:13 : isPortInterface: 0
MIG: 02:07:13 : isPortInterface: 0
MIG: 02:07:13 : isPortInterface: 0
MIG: 02:07:13 : isPortInterface: 0
MIG: 02:07:13 : isPortInterface: 0
MIG: 02:07:13 : isPortInterface: 0
MIG: 02:07:13 : isPortInterface: 0
MIG: 02:07:13 : isPortInterface: 0
MIG: 02:07:13 : isPortInterface: 0
MIG: 02:07:13 : isPortInterface: 0
MIG: 02:07:13 : isPortInterface: 0
MIG: 02:07:13 : isPortInterface: 0
MIG: 02:07:13 : isPortInterface: 0
MIG: 02:07:13 : isPortInterface: 0
MIG: 02:07:13 : isPortInterface: 0
MIG: 02:07:13 : isPortInterface: 0
MIG: 02:07:13 : isPortInterface: 0
MIG: 02:07:13 : isPortInterface: 0
MIG: 02:07:13 : isPortInterface: 0
MIG: 02:07:13 : isPortInterface: 0
MIG: 02:07:13 : isPortInterface: 0
MIG: 02:07:13 : isPortInterface: 0
MIG: 02:07:13 : isPortInterface: 0
MIG: 02:07:13 : isPortInterface: 0
MIG: 02:07:13 : isPortInterface: 0
MIG: 02:07:13 : isPortInterface: 0
MIG: 02:07:13 : isPortInterface: 0
MIG: 02:07:13 : isPortInterface: 0
MIG: 02:07:13 : isPortInterface: 0
MIG: 02:07:13 : isPortInterface: 0
MIG: 02:07:13 : isPortInterface: 0
MIG: 02:07:13 : isPortInterface: 0
MIG: 02:07:13 : isPortInterface: 0
MIG: 02:07:13 : isPortInterface: 0
MIG: 02:07:13 : isPortInterface: 0
MIG: 02:07:13 : isPortInterface: 0
MIG: 02:07:13 : isPortInterface: 0
MIG: 02:07:13 : isPortInterface: 0
MIG: 02:07:13 : isPortInterface: 0
MIG: 02:07:13 : isPortInterface: 0
MIG: 02:07:13 : isPortInterface: 0
MIG: 02:07:13 : isPortInterface: 0
MIG: 02:07:13 : isPortInterface: 0
MIG: 02:07:13 : isPortInterface: 0
MIG: 02:07:13 : isPortInterface: 0
MIG: 02:07:13 : isPortInterface: 0
MIG: 02:07:13 : isPortInterface: 0
MIG: 02:07:13 : isPortInterface: 0
MIG: 02:07:13 : isPortInterface: 0
MIG: 02:07:13 : isPortInterface: 0
MIG: 02:07:13 : isPortInterface: 0
MIG: 02:07:13 : isPortInterface: 0
MIG: 02:07:13 : isPortInterface: 0
MIG: 02:07:13 : isPortInterface: 0
MIG: 02:07:13 : isPortInterface: 0
MIG: 02:07:13 : isPortInterface: 0
MIG: 02:07:13 : isPortInterface: 0
MIG: 02:07:13 : isPortInterface: 0
MIG: 02:07:13 : isPortInterface: 0
MIG: 02:07:13 : isPortInterface: 0
MIG: 02:07:13 : isPortInterface: 0
MIG: 02:07:13 : isPortInterface: 0
MIG: 02:07:13 : isPortInterface: 0
MIG: 02:07:13 : isPortInterface: 0
MIG: 02:07:13 : isPortInterface: 0
MIG: 02:07:13 : isPortInterface: 0
MIG: 02:07:13 : isPortInterface: 0
MIG: 02:07:13 : isPortInterface: 0
MIG: 02:07:13 : isPortInterface: 0
MIG: 02:07:13 : isPortInterface: 0
MIG: 02:07:13 : isPortInterface: 0
MIG: 02:07:13 : isPortInterface: 0
MIG: 02:07:13 : isPortInterface: 0
MIG: 02:07:13 : isPortInterface: 0
MIG: 02:07:13 : isPortInterface: 0
MIG: 02:07:13 : isPortInterface: 0
MIG: 02:07:13 : isPortInterface: 0
MIG: 02:07:13 : isPortInterface: 0
MIG: 02:07:13 : isPortInterface: 0
MIG: 02:07:13 : isPortInterface: 0
MIG: 02:07:13 : isPortInterface: 0
MIG: 02:07:13 : isPortInterface: 0
MIG: 02:07:13 : isPortInterface: 0
MIG: 02:07:13 : isPortInterface: 0
MIG: 02:07:13 : isPortInterface: 0
MIG: 02:07:13 : isPortInterface: 0
MIG: 02:07:13 : isPortInterface: 0
MIG: 02:07:13 : isPortInterface: 0
MIG: 02:07:13 : isPortInterface: 0
MIG: 02:07:13 : isPortInterface: 0
MIG: 02:07:13 : isPortInterface: 0
MIG: 02:07:13 : isPortInterface: 0
MIG: 02:07:13 : isPortInterface: 0
MIG: 02:07:13 : isPortInterface: 0
MIG: 02:07:13 : isPortInterface: 0
MIG: 02:07:13 : isPortInterface: 0
MIG: 02:07:13 : isPortInterface: 0
MIG: 02:07:13 : isPortInterface: 0
MIG: 02:07:13 : isPortInterface: 0
MIG: 02:07:13 : isPortInterface: 0
MIG: 02:07:13 : isPortInterface: 0
MIG: 02:07:13 : isPortInterface: 1
MIG: 02:07:13 : isPortInterface: 0
MIG: 02:07:13 : isPortInterface: 0
MIG: 02:07:13 : isPortInterface: 0
MIG: 02:07:13 : isPortInterface: 0
MIG: 02:07:13 : isPortInterface: 0
MIG: 02:07:13 : isPortInterface: 0
MIG: 02:07:13 : isPortInterface: 0
MIG: 02:07:13 : isPortInterface: 0
MIG: 02:07:13 : isPortInterface: 0
MIG: 02:07:13 : isPortInterface: 0
MIG: 02:07:13 :  locked false  
MIG: 02:07:13 : HDL Language: Verilog
MIG: 02:07:13 : compInfo: false
MIG: 02:07:13 : Vivado Options xc7a35ti csg324 -1l
MIG: 02:07:13 : 1: xc7a35ti 2: csg324 3: -1l
MIG: 02:07:13 : relative mig path: coregen/ip/xilinx/other/com/xilinx/ip/mig_7series_v4_0/bin/lin64/mig
MIG: 02:07:13 : xilinx_path: /media/makerspace/makerspace_hd/Xilinx/Vivado/2017.1/ids_lite/ISE
MIG: 02:07:13 : I am in catch area
MIG: 02:07:13 : Running /media/makerspace/makerspace_hd/Xilinx/Vivado/2017.1/ids_lite/ISE/coregen/ip/xilinx/other/com/xilinx/ip/mig_7series_v4_0/bin/lin64/mig -cg_exc_inp /media/makerspace/makerspace_hd/VivadoProjects/helloworld/helloworld.srcs/sources_1/bd/usart/ip/usart_mig_7series_0_0/xil_txt.in -cg_exc_out /media/makerspace/makerspace_hd/VivadoProjects/helloworld/helloworld.srcs/sources_1/bd/usart/ip/usart_mig_7series_0_0/xil_txt.out ... 
MIG: 02:07:24 : XML_INPUT_FILE: /media/makerspace/makerspace_hd/VivadoProjects/helloworld/helloworld.srcs/sources_1/bd/usart/ip/usart_mig_7series_0_0/board.prj
MIG: 02:07:24 : Component_Name: usart_mig_7series_0_0
MIG: 02:07:24 : Moving usart_mig_7series_0_0 ...
MIG: 02:07:24 : Moving usart_mig_7series_0_0.veo ...
MIG: 02:07:24 : Moving usart_mig_7series_0_0_xmdf.tcl ...
MIG: 02:07:24 : Running vlog_sim_rpr.xit .. PRASAD DBG1
MIG: 02:07:24 : IGN:     <ModuleName>design_1_mig_7series_0_0</ModuleName> <==>     <ModuleName>usart_mig_7series_0_0</ModuleName> 
MIG: 02:07:24 : ERR:     <Version>2.3</Version> <==>     <Version>4.0</Version> 
MIG: 02:07:24 : ################# RUNNING MIG BATCH ###################
MIG: 02:07:24 : Writing IN file for 'usart_mig_7series_0_0'...compDirPath: /media/makerspace/makerspace_hd/Xilinx/Vivado/2017.1/data/ip/xilinx/mig_7series_v4_0... instDirPath: /media/makerspace/makerspace_hd/VivadoProjects/helloworld/helloworld.srcs/sources_1/bd/usart/ip/usart_mig_7series_0_0
MIG: 02:07:24 : synp_flow:  -- synthesis_mode: Other
MIG: 02:07:24 : outputDirectory: /media/makerspace/makerspace_hd/VivadoProjects/helloworld/helloworld.srcs/sources_1/bd/usart/ip/usart_mig_7series_0_0/_tmp/
MIG: 02:07:24 : vivado_mode: xpg_bd
MIG: 02:07:24 : isPortInterface: 0
MIG: 02:07:24 : isPortInterface: 0
MIG: 02:07:24 : isPortInterface: 0
MIG: 02:07:24 : isPortInterface: 0
MIG: 02:07:24 : isPortInterface: 0
MIG: 02:07:24 : isPortInterface: 0
MIG: 02:07:24 : isPortInterface: 0
MIG: 02:07:24 : isPortInterface: 0
MIG: 02:07:24 : isPortInterface: 0
MIG: 02:07:24 : isPortInterface: 0
MIG: 02:07:24 : isPortInterface: 0
MIG: 02:07:24 : isPortInterface: 0
MIG: 02:07:24 : isPortInterface: 0
MIG: 02:07:24 : isPortInterface: 0
MIG: 02:07:24 : isPortInterface: 0
MIG: 02:07:24 : isPortInterface: 0
MIG: 02:07:24 : isPortInterface: 0
MIG: 02:07:24 : isPortInterface: 0
MIG: 02:07:24 : isPortInterface: 0
MIG: 02:07:24 : isPortInterface: 0
MIG: 02:07:24 : isPortInterface: 0
MIG: 02:07:24 : isPortInterface: 0
MIG: 02:07:24 : isPortInterface: 0
MIG: 02:07:24 : isPortInterface: 0
MIG: 02:07:24 : isPortInterface: 0
MIG: 02:07:24 : isPortInterface: 0
MIG: 02:07:24 : isPortInterface: 0
MIG: 02:07:24 : isPortInterface: 0
MIG: 02:07:24 : isPortInterface: 0
MIG: 02:07:24 : isPortInterface: 0
MIG: 02:07:24 : isPortInterface: 0
MIG: 02:07:24 : isPortInterface: 0
MIG: 02:07:24 : isPortInterface: 0
MIG: 02:07:24 : isPortInterface: 0
MIG: 02:07:24 : isPortInterface: 0
MIG: 02:07:24 : isPortInterface: 0
MIG: 02:07:24 : isPortInterface: 0
MIG: 02:07:24 : isPortInterface: 0
MIG: 02:07:24 : isPortInterface: 0
MIG: 02:07:24 : isPortInterface: 0
MIG: 02:07:24 : isPortInterface: 0
MIG: 02:07:24 : isPortInterface: 0
MIG: 02:07:24 : isPortInterface: 0
MIG: 02:07:24 : isPortInterface: 0
MIG: 02:07:24 : isPortInterface: 0
MIG: 02:07:24 : isPortInterface: 0
MIG: 02:07:24 : isPortInterface: 0
MIG: 02:07:24 : isPortInterface: 0
MIG: 02:07:24 : isPortInterface: 0
MIG: 02:07:24 : isPortInterface: 0
MIG: 02:07:24 : isPortInterface: 0
MIG: 02:07:24 : isPortInterface: 0
MIG: 02:07:24 : isPortInterface: 0
MIG: 02:07:24 : isPortInterface: 0
MIG: 02:07:24 : isPortInterface: 0
MIG: 02:07:24 : isPortInterface: 0
MIG: 02:07:24 : isPortInterface: 0
MIG: 02:07:24 : isPortInterface: 0
MIG: 02:07:24 : isPortInterface: 0
MIG: 02:07:24 : isPortInterface: 0
MIG: 02:07:24 : isPortInterface: 0
MIG: 02:07:24 : isPortInterface: 0
MIG: 02:07:24 : isPortInterface: 0
MIG: 02:07:24 : isPortInterface: 0
MIG: 02:07:24 : isPortInterface: 0
MIG: 02:07:24 : isPortInterface: 0
MIG: 02:07:24 : isPortInterface: 0
MIG: 02:07:24 : isPortInterface: 0
MIG: 02:07:24 : isPortInterface: 0
MIG: 02:07:24 : isPortInterface: 0
MIG: 02:07:24 : isPortInterface: 0
MIG: 02:07:24 : isPortInterface: 0
MIG: 02:07:24 : isPortInterface: 0
MIG: 02:07:24 : isPortInterface: 0
MIG: 02:07:24 : isPortInterface: 0
MIG: 02:07:24 : isPortInterface: 0
MIG: 02:07:24 : isPortInterface: 0
MIG: 02:07:24 : isPortInterface: 0
MIG: 02:07:24 : isPortInterface: 0
MIG: 02:07:24 : isPortInterface: 0
MIG: 02:07:24 : isPortInterface: 0
MIG: 02:07:24 : isPortInterface: 0
MIG: 02:07:24 : isPortInterface: 0
MIG: 02:07:24 : isPortInterface: 0
MIG: 02:07:24 : isPortInterface: 0
MIG: 02:07:24 : isPortInterface: 0
MIG: 02:07:24 : isPortInterface: 0
MIG: 02:07:24 : isPortInterface: 0
MIG: 02:07:24 : isPortInterface: 0
MIG: 02:07:24 : isPortInterface: 0
MIG: 02:07:24 : isPortInterface: 0
MIG: 02:07:24 : isPortInterface: 0
MIG: 02:07:24 : isPortInterface: 0
MIG: 02:07:24 : isPortInterface: 0
MIG: 02:07:24 : isPortInterface: 0
MIG: 02:07:24 : isPortInterface: 0
MIG: 02:07:24 : isPortInterface: 0
MIG: 02:07:24 : isPortInterface: 0
MIG: 02:07:24 : isPortInterface: 0
MIG: 02:07:24 : isPortInterface: 0
MIG: 02:07:24 : isPortInterface: 0
MIG: 02:07:24 : isPortInterface: 0
MIG: 02:07:24 : isPortInterface: 0
MIG: 02:07:24 : isPortInterface: 0
MIG: 02:07:24 : isPortInterface: 0
MIG: 02:07:24 : isPortInterface: 0
MIG: 02:07:24 : isPortInterface: 0
MIG: 02:07:24 : isPortInterface: 0
MIG: 02:07:24 : isPortInterface: 0
MIG: 02:07:24 : isPortInterface: 0
MIG: 02:07:24 : isPortInterface: 0
MIG: 02:07:24 : isPortInterface: 0
MIG: 02:07:24 : isPortInterface: 0
MIG: 02:07:24 : isPortInterface: 0
MIG: 02:07:24 : isPortInterface: 0
MIG: 02:07:24 : isPortInterface: 0
MIG: 02:07:24 : isPortInterface: 0
MIG: 02:07:24 : isPortInterface: 0
MIG: 02:07:24 : isPortInterface: 0
MIG: 02:07:24 : isPortInterface: 0
MIG: 02:07:24 : isPortInterface: 0
MIG: 02:07:24 : isPortInterface: 0
MIG: 02:07:24 : isPortInterface: 0
MIG: 02:07:24 : isPortInterface: 1
MIG: 02:07:24 : isPortInterface: 0
MIG: 02:07:24 : isPortInterface: 0
MIG: 02:07:24 : isPortInterface: 0
MIG: 02:07:24 : isPortInterface: 0
MIG: 02:07:24 : isPortInterface: 0
MIG: 02:07:24 : isPortInterface: 0
MIG: 02:07:24 : isPortInterface: 0
MIG: 02:07:24 : isPortInterface: 0
MIG: 02:07:24 : isPortInterface: 0
MIG: 02:07:24 : isPortInterface: 0
MIG: 02:07:24 :  locked false  
MIG: 02:07:24 : HDL Language: Verilog
MIG: 02:07:24 : compInfo: false
MIG: 02:07:24 : Vivado Options xc7a35ti csg324 -1l
MIG: 02:07:24 : 1: xc7a35ti 2: csg324 3: -1l
MIG: 02:07:24 : relative mig path: coregen/ip/xilinx/other/com/xilinx/ip/mig_7series_v4_0/bin/lin64/mig
MIG: 02:07:24 : xilinx_path: /media/makerspace/makerspace_hd/Xilinx/Vivado/2017.1/ids_lite/ISE
MIG: 02:07:24 : I am in catch area
MIG: 02:07:24 : Running /media/makerspace/makerspace_hd/Xilinx/Vivado/2017.1/ids_lite/ISE/coregen/ip/xilinx/other/com/xilinx/ip/mig_7series_v4_0/bin/lin64/mig -cg_exc_inp /media/makerspace/makerspace_hd/VivadoProjects/helloworld/helloworld.srcs/sources_1/bd/usart/ip/usart_mig_7series_0_0/xil_txt.in -cg_exc_out /media/makerspace/makerspace_hd/VivadoProjects/helloworld/helloworld.srcs/sources_1/bd/usart/ip/usart_mig_7series_0_0/xil_txt.out ... 
MIG: 02:07:35 : XML_INPUT_FILE: /media/makerspace/makerspace_hd/VivadoProjects/helloworld/helloworld.srcs/sources_1/bd/usart/ip/usart_mig_7series_0_0/board.prj
MIG: 02:07:35 : Component_Name: usart_mig_7series_0_0
MIG: 02:07:35 : Moving usart_mig_7series_0_0 ...
MIG: 02:07:35 : Moving usart_mig_7series_0_0.veo ...
MIG: 02:07:35 : Moving usart_mig_7series_0_0_xmdf.tcl ...
MIG: 02:07:35 : Running implementation.xit
MIG: 02:07:35 : IGN:     <ModuleName>design_1_mig_7series_0_0</ModuleName> <==>     <ModuleName>usart_mig_7series_0_0</ModuleName> 
MIG: 02:07:35 : ERR:     <Version>2.3</Version> <==>     <Version>4.0</Version> 
MIG: 02:07:35 : ################# RUNNING MIG BATCH ###################
MIG: 02:07:35 : Writing IN file for 'usart_mig_7series_0_0'...compDirPath: /media/makerspace/makerspace_hd/Xilinx/Vivado/2017.1/data/ip/xilinx/mig_7series_v4_0... instDirPath: /media/makerspace/makerspace_hd/VivadoProjects/helloworld/helloworld.srcs/sources_1/bd/usart/ip/usart_mig_7series_0_0
MIG: 02:07:35 : synp_flow:  -- synthesis_mode: Other
MIG: 02:07:35 : outputDirectory: /media/makerspace/makerspace_hd/VivadoProjects/helloworld/helloworld.srcs/sources_1/bd/usart/ip/usart_mig_7series_0_0/_tmp/
MIG: 02:07:35 : vivado_mode: xpg_bd
MIG: 02:07:35 : isPortInterface: 0
MIG: 02:07:35 : isPortInterface: 0
MIG: 02:07:35 : isPortInterface: 0
MIG: 02:07:35 : isPortInterface: 0
MIG: 02:07:35 : isPortInterface: 0
MIG: 02:07:35 : isPortInterface: 0
MIG: 02:07:35 : isPortInterface: 0
MIG: 02:07:35 : isPortInterface: 0
MIG: 02:07:35 : isPortInterface: 0
MIG: 02:07:35 : isPortInterface: 0
MIG: 02:07:35 : isPortInterface: 0
MIG: 02:07:35 : isPortInterface: 0
MIG: 02:07:35 : isPortInterface: 0
MIG: 02:07:35 : isPortInterface: 0
MIG: 02:07:35 : isPortInterface: 0
MIG: 02:07:35 : isPortInterface: 0
MIG: 02:07:35 : isPortInterface: 0
MIG: 02:07:35 : isPortInterface: 0
MIG: 02:07:35 : isPortInterface: 0
MIG: 02:07:35 : isPortInterface: 0
MIG: 02:07:35 : isPortInterface: 0
MIG: 02:07:35 : isPortInterface: 0
MIG: 02:07:35 : isPortInterface: 0
MIG: 02:07:35 : isPortInterface: 0
MIG: 02:07:35 : isPortInterface: 0
MIG: 02:07:35 : isPortInterface: 0
MIG: 02:07:35 : isPortInterface: 0
MIG: 02:07:35 : isPortInterface: 0
MIG: 02:07:35 : isPortInterface: 0
MIG: 02:07:35 : isPortInterface: 0
MIG: 02:07:35 : isPortInterface: 0
MIG: 02:07:35 : isPortInterface: 0
MIG: 02:07:35 : isPortInterface: 0
MIG: 02:07:35 : isPortInterface: 0
MIG: 02:07:35 : isPortInterface: 0
MIG: 02:07:35 : isPortInterface: 0
MIG: 02:07:35 : isPortInterface: 0
MIG: 02:07:35 : isPortInterface: 0
MIG: 02:07:35 : isPortInterface: 0
MIG: 02:07:35 : isPortInterface: 0
MIG: 02:07:35 : isPortInterface: 0
MIG: 02:07:35 : isPortInterface: 0
MIG: 02:07:35 : isPortInterface: 0
MIG: 02:07:35 : isPortInterface: 0
MIG: 02:07:35 : isPortInterface: 0
MIG: 02:07:35 : isPortInterface: 0
MIG: 02:07:35 : isPortInterface: 0
MIG: 02:07:35 : isPortInterface: 0
MIG: 02:07:35 : isPortInterface: 0
MIG: 02:07:35 : isPortInterface: 0
MIG: 02:07:35 : isPortInterface: 0
MIG: 02:07:35 : isPortInterface: 0
MIG: 02:07:35 : isPortInterface: 0
MIG: 02:07:35 : isPortInterface: 0
MIG: 02:07:35 : isPortInterface: 0
MIG: 02:07:35 : isPortInterface: 0
MIG: 02:07:35 : isPortInterface: 0
MIG: 02:07:35 : isPortInterface: 0
MIG: 02:07:35 : isPortInterface: 0
MIG: 02:07:35 : isPortInterface: 0
MIG: 02:07:35 : isPortInterface: 0
MIG: 02:07:35 : isPortInterface: 0
MIG: 02:07:35 : isPortInterface: 0
MIG: 02:07:35 : isPortInterface: 0
MIG: 02:07:35 : isPortInterface: 0
MIG: 02:07:35 : isPortInterface: 0
MIG: 02:07:35 : isPortInterface: 0
MIG: 02:07:35 : isPortInterface: 0
MIG: 02:07:35 : isPortInterface: 0
MIG: 02:07:35 : isPortInterface: 0
MIG: 02:07:35 : isPortInterface: 0
MIG: 02:07:35 : isPortInterface: 0
MIG: 02:07:35 : isPortInterface: 0
MIG: 02:07:35 : isPortInterface: 0
MIG: 02:07:35 : isPortInterface: 0
MIG: 02:07:35 : isPortInterface: 0
MIG: 02:07:35 : isPortInterface: 0
MIG: 02:07:35 : isPortInterface: 0
MIG: 02:07:35 : isPortInterface: 0
MIG: 02:07:35 : isPortInterface: 0
MIG: 02:07:35 : isPortInterface: 0
MIG: 02:07:35 : isPortInterface: 0
MIG: 02:07:35 : isPortInterface: 0
MIG: 02:07:35 : isPortInterface: 0
MIG: 02:07:35 : isPortInterface: 0
MIG: 02:07:35 : isPortInterface: 0
MIG: 02:07:35 : isPortInterface: 0
MIG: 02:07:35 : isPortInterface: 0
MIG: 02:07:35 : isPortInterface: 0
MIG: 02:07:35 : isPortInterface: 0
MIG: 02:07:35 : isPortInterface: 0
MIG: 02:07:35 : isPortInterface: 0
MIG: 02:07:35 : isPortInterface: 0
MIG: 02:07:35 : isPortInterface: 0
MIG: 02:07:35 : isPortInterface: 0
MIG: 02:07:35 : isPortInterface: 0
MIG: 02:07:35 : isPortInterface: 0
MIG: 02:07:35 : isPortInterface: 0
MIG: 02:07:35 : isPortInterface: 0
MIG: 02:07:35 : isPortInterface: 0
MIG: 02:07:35 : isPortInterface: 0
MIG: 02:07:35 : isPortInterface: 0
MIG: 02:07:35 : isPortInterface: 0
MIG: 02:07:35 : isPortInterface: 0
MIG: 02:07:35 : isPortInterface: 0
MIG: 02:07:35 : isPortInterface: 0
MIG: 02:07:35 : isPortInterface: 0
MIG: 02:07:35 : isPortInterface: 0
MIG: 02:07:35 : isPortInterface: 0
MIG: 02:07:35 : isPortInterface: 0
MIG: 02:07:35 : isPortInterface: 0
MIG: 02:07:35 : isPortInterface: 0
MIG: 02:07:35 : isPortInterface: 0
MIG: 02:07:35 : isPortInterface: 0
MIG: 02:07:35 : isPortInterface: 0
MIG: 02:07:35 : isPortInterface: 0
MIG: 02:07:35 : isPortInterface: 0
MIG: 02:07:35 : isPortInterface: 0
MIG: 02:07:35 : isPortInterface: 0
MIG: 02:07:35 : isPortInterface: 0
MIG: 02:07:35 : isPortInterface: 0
MIG: 02:07:35 : isPortInterface: 0
MIG: 02:07:35 : isPortInterface: 0
MIG: 02:07:35 : isPortInterface: 1
MIG: 02:07:35 : isPortInterface: 0
MIG: 02:07:35 : isPortInterface: 0
MIG: 02:07:35 : isPortInterface: 0
MIG: 02:07:35 : isPortInterface: 0
MIG: 02:07:35 : isPortInterface: 0
MIG: 02:07:35 : isPortInterface: 0
MIG: 02:07:35 : isPortInterface: 0
MIG: 02:07:35 : isPortInterface: 0
MIG: 02:07:35 : isPortInterface: 0
MIG: 02:07:35 : isPortInterface: 0
MIG: 02:07:35 :  locked false  
MIG: 02:07:35 : HDL Language: Verilog
MIG: 02:07:35 : compInfo: false
MIG: 02:07:35 : Vivado Options xc7a35ti csg324 -1l
MIG: 02:07:35 : 1: xc7a35ti 2: csg324 3: -1l
MIG: 02:07:35 : relative mig path: coregen/ip/xilinx/other/com/xilinx/ip/mig_7series_v4_0/bin/lin64/mig
MIG: 02:07:35 : xilinx_path: /media/makerspace/makerspace_hd/Xilinx/Vivado/2017.1/ids_lite/ISE
MIG: 02:07:35 : I am in catch area
MIG: 02:07:35 : Running /media/makerspace/makerspace_hd/Xilinx/Vivado/2017.1/ids_lite/ISE/coregen/ip/xilinx/other/com/xilinx/ip/mig_7series_v4_0/bin/lin64/mig -cg_exc_inp /media/makerspace/makerspace_hd/VivadoProjects/helloworld/helloworld.srcs/sources_1/bd/usart/ip/usart_mig_7series_0_0/xil_txt.in -cg_exc_out /media/makerspace/makerspace_hd/VivadoProjects/helloworld/helloworld.srcs/sources_1/bd/usart/ip/usart_mig_7series_0_0/xil_txt.out ... 
MIG: 02:07:46 : XML_INPUT_FILE: /media/makerspace/makerspace_hd/VivadoProjects/helloworld/helloworld.srcs/sources_1/bd/usart/ip/usart_mig_7series_0_0/board.prj
MIG: 02:07:46 : Component_Name: usart_mig_7series_0_0
MIG: 02:07:46 : Moving usart_mig_7series_0_0 ...
MIG: 02:07:46 : Moving usart_mig_7series_0_0.veo ...
MIG: 02:07:46 : Moving usart_mig_7series_0_0_xmdf.tcl ...
